2024-10-27 12:05:56,534 [INFO] Activator:176 - 


2024-10-27 12:05:56,538 [INFO] Activator:177 - !SESSION log4j initialized
2024-10-27 12:06:02,124 [INFO] LogOutputStream:77 - [STDOUT_REDIRECT] 
2024-10-27 12:06:08,116 [INFO] ApplicationProperties:184 - Using Application install path: C:\ST\STM32CubeIDE_1.16.0\STM32CubeIDE\plugins\com.st.stm32cube.common.mx_6.12.0.202406281431
2024-10-27 12:06:08,147 [INFO] DbMcusXml:78 - Set database path to: C:\ST\STM32CubeIDE_1.16.0\STM32CubeIDE\plugins\com.st.stm32cube.common.mx_6.12.0.202406281431\\db\/mcu/
2024-10-27 12:06:08,148 [INFO] ApiDb:274 - Set plugin database path to: C:\ST\STM32CubeIDE_1.16.0\STM32CubeIDE\plugins\com.st.stm32cube.common.mx_6.12.0.202406281431\\db\/plugins/boardmanager/
2024-10-27 12:06:08,148 [WARN] ApiDb:259 - Overriding images path with different value:  => C:\ST\STM32CubeIDE_1.16.0\STM32CubeIDE\plugins\com.st.stm32cube.common.mx_6.12.0.202406281431\\db\/plugins/mcufinder/images/
2024-10-27 12:06:08,159 [INFO] ApiDb:250 - Set database path to: C:\Users\Estudiante.DESKTOP-5OVK98J\.stmcufinder\plugins\mcufinder//mcu/
2024-10-27 12:06:08,161 [INFO] DbMcusAds:125 - Set database path to: C:\Users\Estudiante.DESKTOP-5OVK98J\.stmcufinder\plugins\mcufinder//mcu/
2024-10-27 12:06:08,165 [INFO] CrossReferenceDbSqlite:203 - Set database path to: C:\Users\Estudiante.DESKTOP-5OVK98J\.stmcufinder\plugins\mcufinder//mcu/cs/
2024-10-27 12:06:08,439 [INFO] RulesReader:64 - Compatibility file has been processed (297 Rules)
2024-10-27 12:06:08,576 [INFO] DbMcusXml:78 - Set database path to: C:\ST\STM32CubeIDE_1.16.0\STM32CubeIDE\plugins\com.st.stm32cube.common.mx_6.12.0.202406281431\\db\/mcu/
2024-10-27 12:06:08,576 [INFO] ApiDb:274 - Set plugin database path to: C:\ST\STM32CubeIDE_1.16.0\STM32CubeIDE\plugins\com.st.stm32cube.common.mx_6.12.0.202406281431\\db\/plugins/boardmanager/
2024-10-27 12:06:08,576 [INFO] ApiDb:261 - Set plugin images path to: C:\ST\STM32CubeIDE_1.16.0\STM32CubeIDE\plugins\com.st.stm32cube.common.mx_6.12.0.202406281431\\db\/plugins/mcufinder/images/
2024-10-27 12:06:08,577 [WARN] DbFile:41 - Overriding database path with different value: C:\Users\Estudiante.DESKTOP-5OVK98J\.stmcufinder\plugins\mcufinder/ => C:\Users\Estudiante.DESKTOP-5OVK98J\.stmcufinder\plugins\mcufinder
2024-10-27 12:06:08,577 [INFO] ApiDb:250 - Set database path to: C:\Users\Estudiante.DESKTOP-5OVK98J\.stmcufinder\plugins\mcufinder//mcu/
2024-10-27 12:06:08,577 [WARN] DbFile:41 - Overriding database path with different value: C:\Users\Estudiante.DESKTOP-5OVK98J\.stmcufinder\plugins\mcufinder/ => C:\Users\Estudiante.DESKTOP-5OVK98J\.stmcufinder\plugins\mcufinder
2024-10-27 12:06:08,577 [INFO] DbMcusAds:125 - Set database path to: C:\Users\Estudiante.DESKTOP-5OVK98J\.stmcufinder\plugins\mcufinder//mcu/
2024-10-27 12:06:08,577 [WARN] DbFile:41 - Overriding database path with different value: C:\Users\Estudiante.DESKTOP-5OVK98J\.stmcufinder\plugins\mcufinder/ => C:\Users\Estudiante.DESKTOP-5OVK98J\.stmcufinder\plugins\mcufinder
2024-10-27 12:06:08,577 [WARN] DbFile:41 - Overriding database path with different value: C:\Users\Estudiante.DESKTOP-5OVK98J\.stmcufinder\plugins\mcufinder/ => C:\Users\Estudiante.DESKTOP-5OVK98J\.stmcufinder\plugins\mcufinder
2024-10-27 12:06:08,578 [INFO] CrossReferenceDbSqlite:203 - Set database path to: C:\Users\Estudiante.DESKTOP-5OVK98J\.stmcufinder\plugins\mcufinder//mcu/cs/
2024-10-27 12:06:08,727 [INFO] MainPanel:268 - HeapMemory: 268435456
2024-10-27 12:06:08,892 [INFO] DbMcusXml:78 - Set database path to: C:\ST\STM32CubeIDE_1.16.0\STM32CubeIDE\plugins\com.st.stm32cube.common.mx_6.12.0.202406281431\\db\/mcu/
2024-10-27 12:06:08,892 [INFO] ApiDb:274 - Set plugin database path to: C:\ST\STM32CubeIDE_1.16.0\STM32CubeIDE\plugins\com.st.stm32cube.common.mx_6.12.0.202406281431\\db\/plugins/boardmanager/
2024-10-27 12:06:08,893 [INFO] ApiDb:261 - Set plugin images path to: C:\ST\STM32CubeIDE_1.16.0\STM32CubeIDE\plugins\com.st.stm32cube.common.mx_6.12.0.202406281431\\db\/plugins/mcufinder/images/
2024-10-27 12:06:08,893 [WARN] DbFile:41 - Overriding database path with different value: C:\Users\Estudiante.DESKTOP-5OVK98J\.stmcufinder\plugins\mcufinder/ => C:\Users\Estudiante.DESKTOP-5OVK98J\.stmcufinder\plugins\mcufinder
2024-10-27 12:06:08,894 [INFO] ApiDb:250 - Set database path to: C:\Users\Estudiante.DESKTOP-5OVK98J\.stmcufinder\plugins\mcufinder//mcu/
2024-10-27 12:06:08,894 [WARN] DbFile:41 - Overriding database path with different value: C:\Users\Estudiante.DESKTOP-5OVK98J\.stmcufinder\plugins\mcufinder/ => C:\Users\Estudiante.DESKTOP-5OVK98J\.stmcufinder\plugins\mcufinder
2024-10-27 12:06:08,894 [INFO] DbMcusAds:125 - Set database path to: C:\Users\Estudiante.DESKTOP-5OVK98J\.stmcufinder\plugins\mcufinder//mcu/
2024-10-27 12:06:08,894 [WARN] DbFile:41 - Overriding database path with different value: C:\Users\Estudiante.DESKTOP-5OVK98J\.stmcufinder\plugins\mcufinder/ => C:\Users\Estudiante.DESKTOP-5OVK98J\.stmcufinder\plugins\mcufinder
2024-10-27 12:06:08,894 [WARN] DbFile:41 - Overriding database path with different value: C:\Users\Estudiante.DESKTOP-5OVK98J\.stmcufinder\plugins\mcufinder/ => C:\Users\Estudiante.DESKTOP-5OVK98J\.stmcufinder\plugins\mcufinder
2024-10-27 12:06:08,895 [INFO] CrossReferenceDbSqlite:203 - Set database path to: C:\Users\Estudiante.DESKTOP-5OVK98J\.stmcufinder\plugins\mcufinder//mcu/cs/
2024-10-27 12:06:08,931 [INFO] ApplicationProperties:184 - Using Application install path: C:\ST\STM32CubeIDE_1.16.0\STM32CubeIDE\plugins\com.st.stm32cube.common.mx_6.12.0.202406281431
2024-10-27 12:06:08,934 [INFO] PluginManage:196 - Search for loadable plugins [exclusion list=, ]
2024-10-27 12:06:08,937 [INFO] PluginManage:310 - Check plugin analytics
2024-10-27 12:06:09,282 [INFO] AnalyticsPlugin:253 - Accepted Software Licenses: 
2024-10-27 12:06:09,282 [INFO] AnalyticsPlugin:255 - Accepted CMSIS Pack Licenses: 
2024-10-27 12:06:09,282 [INFO] AnalyticsPlugin:257 - Accepted Firmware Licenses: FW.F4.1.28.0
2024-10-27 12:06:09,287 [INFO] PluginManage:359 - Loaded plugin analytics (category:tool,tabindex:-1)
2024-10-27 12:06:09,288 [INFO] PluginManage:310 - Check plugin cadmodel
2024-10-27 12:06:09,305 [INFO] CADModel:105 - Init CAD model plugin
2024-10-27 12:06:09,305 [INFO] PluginManage:359 - Loaded plugin cadmodel (category:power,tabindex:5)
2024-10-27 12:06:09,306 [INFO] PluginManage:310 - Check plugin clock
2024-10-27 12:06:09,323 [INFO] PluginManage:359 - Loaded plugin clock (category:base,tabindex:2)
2024-10-27 12:06:09,323 [INFO] PluginManage:310 - Check plugin ddr
2024-10-27 12:06:09,327 [INFO] PluginManage:359 - Loaded plugin ddr (category:tool,tabindex:6)
2024-10-27 12:06:09,328 [INFO] PluginManage:310 - Check plugin filemanager
2024-10-27 12:06:09,574 [INFO] PluginManage:359 - Loaded plugin filemanager (category:base,tabindex:10)
2024-10-27 12:06:09,574 [INFO] PluginManage:310 - Check plugin ipmanager
2024-10-27 12:06:09,590 [INFO] PluginManage:359 - Loaded plugin ipmanager (category:base,tabindex:5)
2024-10-27 12:06:09,590 [INFO] PluginManage:310 - Check plugin lpbam
2024-10-27 12:06:09,608 [INFO] PluginManage:359 - Loaded plugin lpbam (category:base,tabindex:0)
2024-10-27 12:06:09,609 [INFO] PluginManage:310 - Check plugin memorymap
2024-10-27 12:06:09,632 [INFO] PluginManage:359 - Loaded plugin memorymap (category:base,tabindex:4)
2024-10-27 12:06:09,632 [INFO] PluginManage:310 - Check plugin pinoutandconfiguration
2024-10-27 12:06:09,645 [INFO] PluginManage:359 - Loaded plugin pinoutandconfiguration (category:base,tabindex:1)
2024-10-27 12:06:09,646 [INFO] PluginManage:310 - Check plugin pinoutconfig
2024-10-27 12:06:10,066 [WARN] SupportedApi:132 - Cannot load RTOS API schema: s4s-elt-must-match.1: The content of 'definitions' must match (annotation?, (simpleType | complexType)?, (unique | key | keyref)*)). A problem was found starting at: attribute.
2024-10-27 12:06:10,337 [INFO] PluginManage:359 - Loaded plugin pinoutconfig (category:base,tabindex:0)
2024-10-27 12:06:10,337 [INFO] PluginManage:310 - Check plugin power
2024-10-27 12:06:10,354 [INFO] PluginManage:359 - Loaded plugin power (category:power,tabindex:4)
2024-10-27 12:06:10,355 [INFO] PluginManage:310 - Check plugin projectmanager
2024-10-27 12:06:10,397 [INFO] PluginManage:359 - Loaded plugin projectmanager (category:projectmanager,tabindex:4)
2024-10-27 12:06:10,397 [INFO] PluginManage:310 - Check plugin rif
2024-10-27 12:06:10,405 [INFO] PluginManage:359 - Loaded plugin rif (category:base,tabindex:3)
2024-10-27 12:06:10,406 [INFO] PluginManage:310 - Check plugin thirdparty
2024-10-27 12:06:10,713 [INFO] PluginManage:359 - Loaded plugin thirdparty (category:base,tabindex:-1)
2024-10-27 12:06:10,714 [INFO] PluginManage:310 - Check plugin tools
2024-10-27 12:06:10,719 [INFO] PluginManage:359 - Loaded plugin tools (category:base,tabindex:7)
2024-10-27 12:06:10,719 [INFO] PluginManage:310 - Check plugin tutovideos
2024-10-27 12:06:10,795 [WARN] IntegrityCheckThread:84 - waiting for thirdparty lock release [integrity check]
2024-10-27 12:06:10,796 [INFO] IntegrityCheckThread:86 - entering critical section [integrity check]
2024-10-27 12:06:10,798 [INFO] ThirdPartyUpdaterWithRetryManager:70 - Updater plugin not ready yet. [1/15]
2024-10-27 12:06:11,067 [INFO] PluginManage:359 - Loaded plugin tutovideos (category:base,tabindex:-1)
2024-10-27 12:06:11,067 [INFO] PluginManage:310 - Check plugin updater
2024-10-27 12:06:11,111 [INFO] PluginManage:359 - Loaded plugin updater (category:base,tabindex:12)
2024-10-27 12:06:11,111 [INFO] PluginManage:310 - Check plugin userauth
2024-10-27 12:06:11,120 [INFO] UserAuth:113 - Init User Auth plugin
2024-10-27 12:06:11,120 [INFO] PluginManage:359 - Loaded plugin userauth (category:base,tabindex:14)
2024-10-27 12:06:11,121 [INFO] PluginManage:283 - PluginManage : Loaded plugins [18]
2024-10-27 12:06:11,715 [INFO] PinOutPanel:1561 - setPackage(No Configuration,No Configuration)
2024-10-27 12:06:11,962 [INFO] CADModel:165 - CPN selected for project level
2024-10-27 12:06:11,962 [INFO] CADModel:114 - Register for checkConnection events
2024-10-27 12:06:12,000 [INFO] IPUIPlugin:80 - create IPUIPlugin
2024-10-27 12:06:12,000 [INFO] PluginManager:220 - loadIPPluginJar : add adc
2024-10-27 12:06:12,010 [INFO] IPUIPlugin:80 - create IPUIPlugin
2024-10-27 12:06:12,011 [INFO] PluginManager:220 - loadIPPluginJar : add aes
2024-10-27 12:06:12,016 [INFO] IPUIPlugin:80 - create IPUIPlugin
2024-10-27 12:06:12,017 [INFO] PluginManager:220 - loadIPPluginJar : add can
2024-10-27 12:06:12,020 [INFO] IPUIPlugin:80 - create IPUIPlugin
2024-10-27 12:06:12,020 [INFO] PluginManager:220 - loadIPPluginJar : add comp
2024-10-27 12:06:12,031 [INFO] IPUIPlugin:80 - create IPUIPlugin
2024-10-27 12:06:12,031 [INFO] PluginManager:220 - loadIPPluginJar : add cryp
2024-10-27 12:06:12,036 [INFO] IPUIPlugin:80 - create IPUIPlugin
2024-10-27 12:06:12,036 [INFO] PluginManager:220 - loadIPPluginJar : add ddr_ctrl_phy
2024-10-27 12:06:12,043 [INFO] IPUIPlugin:80 - create IPUIPlugin
2024-10-27 12:06:12,043 [INFO] PluginManager:220 - loadIPPluginJar : add dfsdm
2024-10-27 12:06:12,053 [INFO] IPUIPlugin:80 - create IPUIPlugin
2024-10-27 12:06:12,054 [INFO] PluginManager:220 - loadIPPluginJar : add dma
2024-10-27 12:06:12,060 [INFO] IPUIPlugin:80 - create IPUIPlugin
2024-10-27 12:06:12,061 [INFO] PluginManager:220 - loadIPPluginJar : add dma3
2024-10-27 12:06:12,066 [INFO] IPUIPlugin:80 - create IPUIPlugin
2024-10-27 12:06:12,066 [INFO] PluginManager:220 - loadIPPluginJar : add extmemmanager
2024-10-27 12:06:12,068 [INFO] IPUIPlugin:80 - create IPUIPlugin
2024-10-27 12:06:12,069 [INFO] PluginManager:220 - loadIPPluginJar : add fatfs
2024-10-27 12:06:12,080 [INFO] IPUIPlugin:80 - create IPUIPlugin
2024-10-27 12:06:12,081 [INFO] PluginManager:220 - loadIPPluginJar : add fmc
2024-10-27 12:06:12,094 [INFO] IPUIPlugin:80 - create IPUIPlugin
2024-10-27 12:06:12,094 [INFO] PluginManager:220 - loadIPPluginJar : add freertos
2024-10-27 12:06:12,097 [INFO] IPUIPlugin:80 - create IPUIPlugin
2024-10-27 12:06:12,098 [INFO] PluginManager:220 - loadIPPluginJar : add genericplugin
2024-10-27 12:06:12,103 [INFO] IPUIPlugin:80 - create IPUIPlugin
2024-10-27 12:06:12,103 [INFO] PluginManager:220 - loadIPPluginJar : add gfxmmu
2024-10-27 12:06:12,113 [INFO] IPUIPlugin:80 - create IPUIPlugin
2024-10-27 12:06:12,114 [INFO] PluginManager:220 - loadIPPluginJar : add gic
2024-10-27 12:06:12,120 [INFO] IPUIPlugin:80 - create IPUIPlugin
2024-10-27 12:06:12,120 [INFO] PluginManager:220 - loadIPPluginJar : add gpio
2024-10-27 12:06:12,127 [INFO] IPUIPlugin:80 - create IPUIPlugin
2024-10-27 12:06:12,127 [INFO] PluginManager:220 - loadIPPluginJar : add gtzc
2024-10-27 12:06:12,131 [INFO] IPUIPlugin:80 - create IPUIPlugin
2024-10-27 12:06:12,132 [INFO] PluginManager:220 - loadIPPluginJar : add hash
2024-10-27 12:06:12,137 [INFO] IPUIPlugin:80 - create IPUIPlugin
2024-10-27 12:06:12,137 [INFO] PluginManager:220 - loadIPPluginJar : add i2c
2024-10-27 12:06:12,146 [INFO] IPUIPlugin:80 - create IPUIPlugin
2024-10-27 12:06:12,146 [INFO] PluginManager:220 - loadIPPluginJar : add i2s
2024-10-27 12:06:12,151 [INFO] IPUIPlugin:80 - create IPUIPlugin
2024-10-27 12:06:12,152 [INFO] PluginManager:220 - loadIPPluginJar : add i3c
2024-10-27 12:06:12,159 [INFO] IPUIPlugin:80 - create IPUIPlugin
2024-10-27 12:06:12,160 [INFO] PluginManager:220 - loadIPPluginJar : add ipddr
2024-10-27 12:06:12,172 [INFO] IPUIPlugin:80 - create IPUIPlugin
2024-10-27 12:06:12,174 [INFO] PluginManager:220 - loadIPPluginJar : add linkedlist
2024-10-27 12:06:12,183 [INFO] IPUIPlugin:80 - create IPUIPlugin
2024-10-27 12:06:12,183 [INFO] PluginManager:220 - loadIPPluginJar : add lorawan
2024-10-27 12:06:12,186 [INFO] IPUIPlugin:80 - create IPUIPlugin
2024-10-27 12:06:12,186 [INFO] PluginManager:220 - loadIPPluginJar : add ltdc
2024-10-27 12:06:12,199 [INFO] IPUIPlugin:80 - create IPUIPlugin
2024-10-27 12:06:12,199 [INFO] PluginManager:220 - loadIPPluginJar : add mdma
2024-10-27 12:06:12,209 [INFO] IPUIPlugin:80 - create IPUIPlugin
2024-10-27 12:06:12,209 [INFO] PluginManager:220 - loadIPPluginJar : add nvic
2024-10-27 12:06:12,214 [INFO] IPUIPlugin:80 - create IPUIPlugin
2024-10-27 12:06:12,215 [INFO] PluginManager:220 - loadIPPluginJar : add opamp
2024-10-27 12:06:12,221 [INFO] IPUIPlugin:80 - create IPUIPlugin
2024-10-27 12:06:12,222 [INFO] PluginManager:220 - loadIPPluginJar : add openamp
2024-10-27 12:06:12,228 [INFO] IPUIPlugin:80 - create IPUIPlugin
2024-10-27 12:06:12,228 [INFO] PluginManager:220 - loadIPPluginJar : add pdm2pcm
2024-10-27 12:06:12,242 [INFO] IPUIPlugin:80 - create IPUIPlugin
2024-10-27 12:06:12,246 [INFO] PluginManager:220 - loadIPPluginJar : add plateformsettings
2024-10-27 12:06:12,250 [INFO] IPUIPlugin:80 - create IPUIPlugin
2024-10-27 12:06:12,251 [INFO] PluginManager:220 - loadIPPluginJar : add quadspi
2024-10-27 12:06:12,261 [INFO] IPUIPlugin:80 - create IPUIPlugin
2024-10-27 12:06:12,263 [INFO] PluginManager:220 - loadIPPluginJar : add radio
2024-10-27 12:06:12,269 [INFO] IPUIPlugin:80 - create IPUIPlugin
2024-10-27 12:06:12,270 [INFO] PluginManager:220 - loadIPPluginJar : add resmgrutility
2024-10-27 12:06:12,277 [INFO] IPUIPlugin:80 - create IPUIPlugin
2024-10-27 12:06:12,277 [INFO] PluginManager:220 - loadIPPluginJar : add sai
2024-10-27 12:06:12,281 [INFO] IPUIPlugin:80 - create IPUIPlugin
2024-10-27 12:06:12,281 [INFO] PluginManager:220 - loadIPPluginJar : add spi
2024-10-27 12:06:12,294 [INFO] IPUIPlugin:80 - create IPUIPlugin
2024-10-27 12:06:12,295 [INFO] PluginManager:220 - loadIPPluginJar : add stm32_wpan
2024-10-27 12:06:12,298 [INFO] IPUIPlugin:80 - create IPUIPlugin
2024-10-27 12:06:12,299 [INFO] PluginManager:220 - loadIPPluginJar : add tim
2024-10-27 12:06:12,310 [INFO] IPUIPlugin:80 - create IPUIPlugin
2024-10-27 12:06:12,311 [INFO] PluginManager:220 - loadIPPluginJar : add touchsensing
2024-10-27 12:06:12,314 [INFO] IPUIPlugin:80 - create IPUIPlugin
2024-10-27 12:06:12,315 [INFO] PluginManager:220 - loadIPPluginJar : add tracer_emb
2024-10-27 12:06:12,318 [INFO] IPUIPlugin:80 - create IPUIPlugin
2024-10-27 12:06:12,319 [INFO] PluginManager:220 - loadIPPluginJar : add ts
2024-10-27 12:06:12,328 [INFO] IPUIPlugin:80 - create IPUIPlugin
2024-10-27 12:06:12,328 [INFO] PluginManager:220 - loadIPPluginJar : add tsc
2024-10-27 12:06:12,338 [INFO] IPUIPlugin:80 - create IPUIPlugin
2024-10-27 12:06:12,338 [INFO] PluginManager:220 - loadIPPluginJar : add ucpd
2024-10-27 12:06:12,343 [INFO] IPUIPlugin:80 - create IPUIPlugin
2024-10-27 12:06:12,343 [INFO] PluginManager:220 - loadIPPluginJar : add usart
2024-10-27 12:06:12,350 [INFO] IPUIPlugin:80 - create IPUIPlugin
2024-10-27 12:06:12,350 [INFO] PluginManager:220 - loadIPPluginJar : add usbx
2024-10-27 12:06:12,599 [INFO] CADModel:165 - CPN selected for project level
2024-10-27 12:06:12,599 [INFO] CADModel:114 - Register for checkConnection events
2024-10-27 12:06:12,602 [FATAL] Updater:334 - Updater called before beeing initialized
2024-10-27 12:06:12,602 [ERROR] CADModel:125 - Updater not yet initialized, retry later 
2024-10-27 12:06:12,874 [INFO] CADModel:165 - CPN selected for project level
2024-10-27 12:06:12,875 [INFO] CADModel:114 - Register for checkConnection events
2024-10-27 12:06:12,875 [FATAL] Updater:334 - Updater called before beeing initialized
2024-10-27 12:06:12,875 [ERROR] CADModel:125 - Updater not yet initialized, retry later 
2024-10-27 12:06:12,881 [FATAL] Updater:334 - Updater called before beeing initialized
2024-10-27 12:06:13,109 [FATAL] Updater:334 - Updater called before beeing initialized
2024-10-27 12:06:13,117 [INFO] DbMcusAds:53 - JSON generation date=Mon Sep 16 11:40:22 ART 2024 (1726497622318)
2024-10-27 12:06:13,117 [FATAL] Updater:334 - Updater called before beeing initialized
2024-10-27 12:06:13,179 [WARN] DetailPanel:346 - Failed to get advertising image, set to default
2024-10-27 12:06:13,367 [FATAL] Updater:334 - Updater called before beeing initialized
2024-10-27 12:06:13,370 [FATAL] Updater:334 - Updater called before beeing initialized
2024-10-27 12:06:13,370 [FATAL] Updater:334 - Updater called before beeing initialized
2024-10-27 12:06:13,370 [WARN] DetailPanel:346 - Failed to get advertising image, set to default
2024-10-27 12:06:13,372 [FATAL] Updater:334 - Updater called before beeing initialized
2024-10-27 12:06:13,459 [ERROR] Updater:1164 - MainUpdater not yet initialized. External WinMGr cannot be set.
2024-10-27 12:06:13,463 [INFO] Updater:1100 - Updater Version found : 6.12.0
2024-10-27 12:06:13,501 [INFO] ApplicationProperties:184 - Using Application install path: C:\ST\STM32CubeIDE_1.16.0\STM32CubeIDE\plugins\com.st.stm32cube.common.mx_6.12.0.202406281431
2024-10-27 12:06:13,799 [INFO] ThirdPartyUpdaterWithRetryManager:70 - Updater plugin not ready yet. [2/15]
2024-10-27 12:06:15,087 [ERROR] LogOutputStream:75 - [STDERR_REDIRECT] Oct 27, 2024 12:06:15 PM java.util.prefs.WindowsPreferences <init>
2024-10-27 12:06:15,091 [ERROR] LogOutputStream:75 - [STDERR_REDIRECT] WARNING: Could not open/create prefs root node Software\JavaSoft\Prefs at root 0xffffffff80000002. Windows RegCreateKeyEx(...) returned error code 5.
2024-10-27 12:06:15,091 [ERROR] LogOutputStream:75 - [STDERR_REDIRECT] 
2024-10-27 12:06:15,567 [INFO] MainUpdater:2873 - connection check result : 10
2024-10-27 12:06:15,568 [INFO] MainUpdater:290 - Updater Check For Update Now.
2024-10-27 12:06:15,569 [INFO] MicroXplorer:498 - Change Database Version : DB.6.0.120
2024-10-27 12:06:15,579 [INFO] McuFinderGlobals:63 - Set McuFinder mode to 2 (CubeIDE integrated)
2024-10-27 12:06:15,581 [INFO] UserAuth:417 - Internet connection configuration mode: 1
2024-10-27 12:06:15,608 [INFO] JxBrowserEngine:152 - Initiate JxBrowser Engine with user profile folder
2024-10-27 12:06:16,189 [INFO] CheckServerUpdateThread:120 - End of CheckServer Thread
2024-10-27 12:06:17,480 [WARN] PackLoader:240 - Cannot read IP mode file for STMicroelectronics.X-CUBE-SMBUS.2.1.0
2024-10-27 12:06:17,502 [WARN] PackLoader:240 - Cannot read IP mode file for STMicroelectronics.X-CUBE-WB05N.1.1.0
2024-10-27 12:06:17,611 [WARN] PackLoader:240 - Cannot read IP mode file for STMicroelectronics.X-CUBE-AZRTOS-F7.1.1.0
2024-10-27 12:06:17,846 [WARN] PackLoader:240 - Cannot read IP mode file for STMicroelectronics.X-CUBE-MEMS1.11.0.0
2024-10-27 12:06:18,349 [WARN] PackLoader:240 - Cannot read IP mode file for STMicroelectronics.FP-SNS-FLIGHT1.5.0.2
2024-10-27 12:06:18,375 [WARN] PackLoader:240 - Cannot read IP mode file for STMicroelectronics.X-CUBE-DISPLAY.3.0.0
2024-10-27 12:06:18,393 [WARN] PackLoader:240 - Cannot read IP mode file for STMicroelectronics.X-CUBE-BLE1.7.0.0
2024-10-27 12:06:18,435 [INFO] WebApp:167 - Instantiating new browser for Auth
2024-10-27 12:06:18,440 [WARN] PackLoader:240 - Cannot read IP mode file for STMicroelectronics.X-CUBE-NFC10.1.0.0
2024-10-27 12:06:18,461 [WARN] PackLoader:240 - Cannot read IP mode file for emotas.I-CUBE-CANOPEN.1.3.0
2024-10-27 12:06:18,492 [WARN] PackLoader:240 - Cannot read IP mode file for STMicroelectronics.X-CUBE-BLEMGR.3.1.0
2024-10-27 12:06:18,505 [WARN] PackLoader:240 - Cannot read IP mode file for STMicroelectronics.FP-SNS-SMARTAG2.1.2.0
2024-10-27 12:06:18,538 [INFO] LogOutputStream:77 - [STDOUT_REDIRECT] 1 : Invalid condition id : UX_CORESTACK_Condition cause : null
2024-10-27 12:06:18,539 [INFO] LogOutputStream:77 - [STDOUT_REDIRECT] 1 : Invalid condition id : UX_CORESTACK_Condition cause : null
2024-10-27 12:06:18,541 [INFO] LogOutputStream:77 - [STDOUT_REDIRECT] 1 : Invalid condition id : UX_CORESTACK_Condition cause : null
2024-10-27 12:06:18,544 [INFO] LogOutputStream:77 - [STDOUT_REDIRECT] 1 : Invalid condition id : UX_CORESTACK_Condition cause : null
2024-10-27 12:06:18,546 [INFO] LogOutputStream:77 - [STDOUT_REDIRECT] 1 : Invalid condition id : UX_CORESTACK_Condition cause : null
2024-10-27 12:06:18,571 [WARN] PackLoader:240 - Cannot read IP mode file for STMicroelectronics.X-CUBE-AZRTOS-WL.2.0.0
2024-10-27 12:06:18,579 [WARN] PackLoader:240 - Cannot read IP mode file for wolfSSL.I-CUBE-wolfMQTT.1.19.0
2024-10-27 12:06:18,617 [WARN] PackLoader:240 - Cannot read IP mode file for WES.I-CUBE-Cesium.1.3.0
2024-10-27 12:06:18,627 [WARN] PackLoader:240 - Cannot read IP mode file for STMicroelectronics.X-CUBE-BLE2.3.3.0
2024-10-27 12:06:18,641 [WARN] PackLoader:240 - Cannot read IP mode file for STMicroelectronics.X-CUBE-NFC9.1.0.0
2024-10-27 12:06:18,655 [WARN] PackLoader:240 - Cannot read IP mode file for STMicroelectronics.X-CUBE-TCPP.4.1.0
2024-10-27 12:06:18,688 [WARN] PackLoader:240 - Cannot read IP mode file for STMicroelectronics.X-CUBE-AZRTOS-G0.1.1.0
2024-10-27 12:06:18,702 [WARN] PackLoader:240 - Cannot read IP mode file for STMicroelectronics.X-CUBE-SAFEA1.1.2.2
2024-10-27 12:06:18,714 [WARN] PackLoader:240 - Cannot read IP mode file for STMicroelectronics.X-CUBE-NFC4.3.0.0
2024-10-27 12:06:18,752 [WARN] PackLoader:240 - Cannot read IP mode file for EmbeddedOffice.I-CUBE-FS-RTOS.1.0.1
2024-10-27 12:06:18,753 [ERROR] ConditionMgr:805 - Attr not supported : Dmpu
2024-10-27 12:06:18,753 [ERROR] ConditionMgr:805 - Attr not supported : Dmpu
2024-10-27 12:06:18,753 [ERROR] ConditionMgr:805 - Attr not supported : Dmpu
2024-10-27 12:06:18,753 [ERROR] ConditionMgr:805 - Attr not supported : Dmpu
2024-10-27 12:06:18,753 [ERROR] ConditionMgr:805 - Attr not supported : Dmpu
2024-10-27 12:06:18,753 [ERROR] ConditionMgr:805 - Attr not supported : Dmpu
2024-10-27 12:06:18,753 [ERROR] ConditionMgr:805 - Attr not supported : Dmpu
2024-10-27 12:06:18,753 [ERROR] ConditionMgr:805 - Attr not supported : Dmpu
2024-10-27 12:06:18,754 [ERROR] ConditionMgr:805 - Attr not supported : Dmpu
2024-10-27 12:06:18,754 [ERROR] ConditionMgr:805 - Attr not supported : Dmpu
2024-10-27 12:06:18,754 [ERROR] ConditionMgr:805 - Attr not supported : Dmpu
2024-10-27 12:06:18,755 [ERROR] ConditionMgr:805 - Attr not supported : Dmpu
2024-10-27 12:06:18,755 [ERROR] ConditionMgr:805 - Attr not supported : Dmpu
2024-10-27 12:06:18,755 [ERROR] ConditionMgr:805 - Attr not supported : Dmpu
2024-10-27 12:06:18,755 [ERROR] ConditionMgr:805 - Attr not supported : Dmpu
2024-10-27 12:06:18,756 [ERROR] ConditionMgr:805 - Attr not supported : Dmpu
2024-10-27 12:06:18,756 [ERROR] ConditionMgr:805 - Attr not supported : Dmpu
2024-10-27 12:06:18,756 [ERROR] ConditionMgr:805 - Attr not supported : Dmpu
2024-10-27 12:06:18,756 [ERROR] ConditionMgr:805 - Attr not supported : Dmpu
2024-10-27 12:06:18,756 [ERROR] ConditionMgr:805 - Attr not supported : Dmpu
2024-10-27 12:06:18,757 [ERROR] ConditionMgr:805 - Attr not supported : Dmpu
2024-10-27 12:06:18,758 [ERROR] ConditionMgr:805 - Attr not supported : Dmpu
2024-10-27 12:06:18,758 [ERROR] ConditionMgr:805 - Attr not supported : Dmpu
2024-10-27 12:06:18,758 [ERROR] ConditionMgr:805 - Attr not supported : Dmpu
2024-10-27 12:06:18,758 [ERROR] ConditionMgr:805 - Attr not supported : Dmpu
2024-10-27 12:06:18,759 [ERROR] ConditionMgr:805 - Attr not supported : Dmpu
2024-10-27 12:06:18,759 [ERROR] ConditionMgr:805 - Attr not supported : Dmpu
2024-10-27 12:06:18,759 [ERROR] ConditionMgr:805 - Attr not supported : Dmpu
2024-10-27 12:06:18,759 [ERROR] ConditionMgr:805 - Attr not supported : Dmpu
2024-10-27 12:06:18,760 [ERROR] ConditionMgr:805 - Attr not supported : Dmpu
2024-10-27 12:06:18,760 [ERROR] ConditionMgr:805 - Attr not supported : Dmpu
2024-10-27 12:06:18,762 [ERROR] ConditionMgr:805 - Attr not supported : Dmpu
2024-10-27 12:06:18,768 [ERROR] ConditionMgr:805 - Attr not supported : Dmpu
2024-10-27 12:06:18,782 [ERROR] ConditionMgr:805 - Attr not supported : Dmpu
2024-10-27 12:06:18,782 [ERROR] ConditionMgr:805 - Attr not supported : Dmpu
2024-10-27 12:06:18,782 [ERROR] ConditionMgr:805 - Attr not supported : Dmpu
2024-10-27 12:06:18,782 [ERROR] ConditionMgr:805 - Attr not supported : Dmpu
2024-10-27 12:06:18,783 [ERROR] ConditionMgr:805 - Attr not supported : Dmpu
2024-10-27 12:06:18,784 [ERROR] ConditionMgr:805 - Attr not supported : Dmpu
2024-10-27 12:06:18,784 [ERROR] ConditionMgr:805 - Attr not supported : Dmpu
2024-10-27 12:06:18,784 [ERROR] ConditionMgr:805 - Attr not supported : Dmpu
2024-10-27 12:06:18,785 [ERROR] ConditionMgr:805 - Attr not supported : Dmpu
2024-10-27 12:06:18,785 [ERROR] ConditionMgr:805 - Attr not supported : Dmpu
2024-10-27 12:06:18,785 [ERROR] ConditionMgr:805 - Attr not supported : Dmpu
2024-10-27 12:06:18,785 [ERROR] ConditionMgr:805 - Attr not supported : Dmpu
2024-10-27 12:06:18,785 [ERROR] ConditionMgr:805 - Attr not supported : Dmpu
2024-10-27 12:06:18,785 [ERROR] ConditionMgr:805 - Attr not supported : Dmpu
2024-10-27 12:06:18,785 [ERROR] ConditionMgr:805 - Attr not supported : Dmpu
2024-10-27 12:06:18,785 [ERROR] ConditionMgr:805 - Attr not supported : Dmpu
2024-10-27 12:06:18,785 [ERROR] ConditionMgr:805 - Attr not supported : Dmpu
2024-10-27 12:06:18,786 [ERROR] ConditionMgr:805 - Attr not supported : Dmpu
2024-10-27 12:06:18,786 [ERROR] ConditionMgr:805 - Attr not supported : Dmpu
2024-10-27 12:06:18,786 [ERROR] ConditionMgr:805 - Attr not supported : Dmpu
2024-10-27 12:06:18,786 [ERROR] ConditionMgr:805 - Attr not supported : Dmpu
2024-10-27 12:06:18,786 [ERROR] ConditionMgr:805 - Attr not supported : Dmpu
2024-10-27 12:06:18,786 [ERROR] ConditionMgr:805 - Attr not supported : Dmpu
2024-10-27 12:06:18,786 [ERROR] ConditionMgr:805 - Attr not supported : Dmpu
2024-10-27 12:06:18,786 [ERROR] ConditionMgr:805 - Attr not supported : Dmpu
2024-10-27 12:06:18,786 [ERROR] ConditionMgr:805 - Attr not supported : Dmpu
2024-10-27 12:06:18,786 [ERROR] ConditionMgr:805 - Attr not supported : Dmpu
2024-10-27 12:06:18,787 [ERROR] ConditionMgr:805 - Attr not supported : Dmpu
2024-10-27 12:06:18,787 [ERROR] ConditionMgr:805 - Attr not supported : Dmpu
2024-10-27 12:06:18,787 [ERROR] ConditionMgr:805 - Attr not supported : Dmpu
2024-10-27 12:06:18,787 [ERROR] ConditionMgr:805 - Attr not supported : Dmpu
2024-10-27 12:06:18,795 [WARN] PackLoader:240 - Cannot read IP mode file for RealThread.X-CUBE-RT-Thread_Nano.4.1.1
2024-10-27 12:06:18,803 [WARN] PackLoader:240 - Cannot read IP mode file for wolfSSL.I-CUBE-wolfSSL.5.7.0
2024-10-27 12:06:18,810 [WARN] PackLoader:240 - Cannot read IP mode file for STMicroelectronics.FP-ATR-SIGFOX1.3.2.0
2024-10-27 12:06:18,824 [WARN] PackLoader:240 - Cannot read IP mode file for STMicroelectronics.X-CUBE-EEPRMA1.5.1.0
2024-10-27 12:06:18,837 [WARN] PackLoader:240 - Cannot read IP mode file for ITTIA_DB.I-CUBE-ITTIADB.8.9.0
2024-10-27 12:06:18,969 [WARN] PackLoader:240 - Cannot read IP mode file for SEGGER.I-CUBE-embOS.1.3.1
2024-10-27 12:06:19,112 [WARN] PackLoader:240 - Cannot read IP mode file for STMicroelectronics.X-CUBE-ALGOBUILD.1.4.0
2024-10-27 12:06:19,194 [WARN] PackLoader:240 - Cannot read IP mode file for STMicroelectronics.X-CUBE-AI.9.1.0
2024-10-27 12:06:19,204 [WARN] PackLoader:240 - Cannot read IP mode file for STMicroelectronics.X-CUBE-GNSS1.6.0.0
2024-10-27 12:06:19,232 [WARN] PackLoader:240 - Cannot read IP mode file for STMicroelectronics.X-CUBE-AZRTOS-F4.1.1.0
2024-10-27 12:06:19,263 [WARN] PackLoader:240 - Cannot read IP mode file for STMicroelectronics.X-CUBE-ISPU.2.1.0
2024-10-27 12:06:19,292 [WARN] PackLoader:240 - Cannot read IP mode file for STMicroelectronics.X-CUBE-AZRTOS-L5.2.0.0
2024-10-27 12:06:19,339 [WARN] PackLoader:240 - Cannot read IP mode file for STMicroelectronics.X-CUBE-NFC6.3.1.0
2024-10-27 12:06:19,354 [WARN] PackLoader:240 - Cannot read IP mode file for STMicroelectronics.X-CUBE-DPower.1.2.0
2024-10-27 12:06:19,359 [WARN] PackLoader:240 - Cannot read IP mode file for STMicroelectronics.X-CUBE-AI.9.0.0
2024-10-27 12:06:19,367 [WARN] PackLoader:240 - Cannot read IP mode file for STMicroelectronics.X-CUBE-NFC7.1.0.1
2024-10-27 12:06:19,374 [WARN] PackLoader:240 - Cannot read IP mode file for wolfSSL.I-CUBE-wolfTPM.3.2.0
2024-10-27 12:06:19,404 [WARN] ConditionMgr:438 - getConditionDescription Invalid condition id : LAN8742 Phy interface Condition cause : null
2024-10-27 12:06:19,405 [WARN] PackLoader:240 - Cannot read IP mode file for STMicroelectronics.X-CUBE-AZRTOS-L4.2.0.0
2024-10-27 12:06:19,407 [WARN] ConditionMgr:1039 - genDependencies : Invalid condition id : LAN8742 Phy interface Condition cause : null
2024-10-27 12:06:19,407 [WARN] ConditionMgr:1039 - genDependencies : Invalid condition id : LAN8742 Phy interface Condition cause : null
2024-10-27 12:06:19,408 [WARN] ConditionMgr:1039 - genDependencies : Invalid condition id : LAN8742 Phy interface Condition cause : null
2024-10-27 12:06:19,421 [WARN] PackLoader:240 - Cannot read IP mode file for STMicroelectronics.X-CUBE-SFXS2LP1.4.0.0
2024-10-27 12:06:19,517 [WARN] PackLoader:240 - Cannot read IP mode file for STMicroelectronics.X-CUBE-AZRTOS-H7.3.3.0
2024-10-27 12:06:19,553 [WARN] PackLoader:240 - Cannot read IP mode file for STMicroelectronics.X-CUBE-IPS.3.0.0
2024-10-27 12:06:19,582 [WARN] ConditionMgr:438 - getConditionDescription Invalid condition id : UX DEVICE CLASS RTOS Condition cause : null
2024-10-27 12:06:19,583 [WARN] ConditionMgr:438 - getConditionDescription Invalid condition id : UX DEVICE CLASS RTOS Condition cause : null
2024-10-27 12:06:19,586 [WARN] PackLoader:240 - Cannot read IP mode file for STMicroelectronics.X-CUBE-AZRTOS-WB.2.0.0
2024-10-27 12:06:19,587 [WARN] ConditionMgr:1039 - genDependencies : Invalid condition id : UX DEVICE CLASS RTOS Condition cause : null
2024-10-27 12:06:19,587 [WARN] ConditionMgr:1039 - genDependencies : Invalid condition id : UX DEVICE CLASS RTOS Condition cause : null
2024-10-27 12:06:19,588 [WARN] ConditionMgr:1039 - genDependencies : Invalid condition id : UX DEVICE CLASS RTOS Condition cause : null
2024-10-27 12:06:19,588 [WARN] ConditionMgr:1039 - genDependencies : Invalid condition id : UX DEVICE CLASS RTOS Condition cause : null
2024-10-27 12:06:19,589 [WARN] ConditionMgr:1039 - genDependencies : Invalid condition id : UX DEVICE CLASS RTOS Condition cause : null
2024-10-27 12:06:19,608 [WARN] PackLoader:240 - Cannot read IP mode file for STMicroelectronics.X-CUBE-GNSS1.7.0.0
2024-10-27 12:06:19,656 [WARN] PackLoader:240 - Cannot read IP mode file for STMicroelectronics.FP-SNS-STBOX1.2.0.0
2024-10-27 12:06:19,701 [WARN] PackLoader:240 - Cannot read IP mode file for STMicroelectronics.X-CUBE-SUBG2.5.0.0
2024-10-27 12:06:19,716 [WARN] PackLoader:240 - Cannot read IP mode file for Cesanta.I-CUBE-Mongoose.7.13.0
2024-10-27 12:06:19,738 [WARN] PackLoader:240 - Cannot read IP mode file for STMicroelectronics.X-CUBE-AZRTOS-G4.2.0.0
2024-10-27 12:06:19,746 [WARN] PackLoader:240 - Cannot read IP mode file for STMicroelectronics.X-CUBE-ISPU.2.0.0
2024-10-27 12:06:19,838 [WARN] PackLoader:240 - Cannot read IP mode file for STMicroelectronics.X-CUBE-MEMS1.10.0.0
2024-10-27 12:06:20,099 [WARN] PackLoader:240 - Cannot read IP mode file for STMicroelectronics.X-CUBE-TOUCHGFX.4.24.0
2024-10-27 12:06:20,104 [WARN] PackLoader:240 - Cannot read IP mode file for STMicroelectronics.X-CUBE-TOUCHGFX.4.24.1
2024-10-27 12:06:20,119 [WARN] PackLoader:240 - Cannot read IP mode file for portGmbH.I-Cube-SoM-uGOAL.1.1.0
2024-10-27 12:06:20,171 [WARN] PackLoader:240 - Cannot read IP mode file for STMicroelectronics.X-CUBE-AZRTOS-H7RS.1.0.0
2024-10-27 12:06:20,188 [WARN] PackLoader:240 - Cannot read IP mode file for STMicroelectronics.FP-ATR-ASTRA1.2.0.0
2024-10-27 12:06:20,205 [WARN] PackLoader:240 - Cannot read IP mode file for STMicroelectronics.X-CUBE-TOF1.3.4.2
2024-10-27 12:06:20,269 [WARN] PackLoader:240 - Cannot read IP mode file for STMicroelectronics.X-CUBE-TOF1.3.4.1
2024-10-27 12:06:20,314 [WARN] PackLoader:240 - Cannot read IP mode file for STMicroelectronics.X-CUBE-AZRTOS-H7.3.2.0
2024-10-27 12:06:20,338 [WARN] PackLoader:240 - Cannot read IP mode file for Infineon.AIROC-Wi-Fi-Bluetooth-STM32.1.6.0
2024-10-27 12:06:20,382 [WARN] PackLoader:240 - Cannot read IP mode file for wolfSSL.I-CUBE-wolfSSH.1.4.17
2024-10-27 12:06:20,383 [INFO] ThirdParty:978 - Integrity check success = true
2024-10-27 12:06:20,383 [INFO] IntegrityCheckThread:100 - exiting critical section [integrity check]
2024-10-27 12:06:20,384 [INFO] IntegrityCheckThread:103 - End integrity checks thread
2024-10-27 12:06:23,302 [INFO] WebApp:448 - Apply proxy settings
2024-10-27 12:06:23,303 [INFO] WebApp:533 - Chromium requires no authentication
2024-10-27 12:06:23,317 [INFO] WebApp:476 - Direct internet connection detected
2024-10-27 12:06:23,375 [INFO] WebApp:869 - Register for checkConnection events
2024-10-27 12:06:23,375 [INFO] WebApp:448 - Apply proxy settings
2024-10-27 12:06:23,375 [INFO] WebApp:533 - Chromium requires no authentication
2024-10-27 12:06:23,377 [INFO] WebApp:476 - Direct internet connection detected
2024-10-27 12:06:23,714 [INFO] WebApp:220 - Starting web application
2024-10-27 12:06:23,715 [INFO] WebApp:578 - Web application path used C:\ST\STM32CubeIDE_1.16.0\STM32CubeIDE\plugins\com.st.stm32cube.common.mx_6.12.0.202406281431\db\plugins\mcufinder\reactClient1\index.html
2024-10-27 12:06:23,953 [INFO] UserAuth:417 - Internet connection configuration mode: 1
2024-10-27 12:06:25,272 [INFO] WebApp:186 - Connection restablished
2024-10-27 12:34:47,321 [ERROR] LogOutputStream:75 - [STDERR_REDIRECT] 
2024-10-27 12:34:47,326 [ERROR] LogOutputStream:75 - [STDERR_REDIRECT] 
