2024-12-02 16:54:08,663 [INFO] Activator:176 - 


2024-12-02 16:54:08,669 [INFO] Activator:177 - !SESSION log4j initialized
2024-12-02 16:54:15,165 [INFO] LogOutputStream:77 - [STDOUT_REDIRECT] 
2024-12-02 16:54:21,911 [INFO] ApplicationProperties:184 - Using Application install path: C:\ST\STM32CubeIDE_1.16.1\STM32CubeIDE\plugins\com.st.stm32cube.common.mx_6.12.1.202409122256
2024-12-02 16:54:21,950 [INFO] DbMcusXml:78 - Set database path to: C:\ST\STM32CubeIDE_1.16.1\STM32CubeIDE\plugins\com.st.stm32cube.common.mx_6.12.1.202409122256\\db\/mcu/
2024-12-02 16:54:21,951 [INFO] ApiDb:274 - Set plugin database path to: C:\ST\STM32CubeIDE_1.16.1\STM32CubeIDE\plugins\com.st.stm32cube.common.mx_6.12.1.202409122256\\db\/plugins/boardmanager/
2024-12-02 16:54:21,952 [WARN] ApiDb:259 - Overriding images path with different value:  => C:\ST\STM32CubeIDE_1.16.1\STM32CubeIDE\plugins\com.st.stm32cube.common.mx_6.12.1.202409122256\\db\/plugins/mcufinder/images/
2024-12-02 16:54:21,966 [INFO] ApiDb:250 - Set database path to: C:\Users\EmanuelDecima\.stmcufinder\plugins\mcufinder//mcu/
2024-12-02 16:54:21,968 [INFO] DbMcusAds:125 - Set database path to: C:\Users\EmanuelDecima\.stmcufinder\plugins\mcufinder//mcu/
2024-12-02 16:54:21,973 [INFO] CrossReferenceDbSqlite:203 - Set database path to: C:\Users\EmanuelDecima\.stmcufinder\plugins\mcufinder//mcu/cs/
2024-12-02 16:54:22,455 [INFO] RulesReader:64 - Compatibility file has been processed (297 Rules)
2024-12-02 16:54:22,742 [INFO] DbMcusXml:78 - Set database path to: C:\ST\STM32CubeIDE_1.16.1\STM32CubeIDE\plugins\com.st.stm32cube.common.mx_6.12.1.202409122256\\db\/mcu/
2024-12-02 16:54:22,742 [INFO] ApiDb:274 - Set plugin database path to: C:\ST\STM32CubeIDE_1.16.1\STM32CubeIDE\plugins\com.st.stm32cube.common.mx_6.12.1.202409122256\\db\/plugins/boardmanager/
2024-12-02 16:54:22,743 [INFO] ApiDb:261 - Set plugin images path to: C:\ST\STM32CubeIDE_1.16.1\STM32CubeIDE\plugins\com.st.stm32cube.common.mx_6.12.1.202409122256\\db\/plugins/mcufinder/images/
2024-12-02 16:54:22,744 [WARN] DbFile:41 - Overriding database path with different value: C:\Users\EmanuelDecima\.stmcufinder\plugins\mcufinder/ => C:\Users\EmanuelDecima\.stmcufinder\plugins\mcufinder
2024-12-02 16:54:22,746 [INFO] ApiDb:250 - Set database path to: C:\Users\EmanuelDecima\.stmcufinder\plugins\mcufinder//mcu/
2024-12-02 16:54:22,746 [WARN] DbFile:41 - Overriding database path with different value: C:\Users\EmanuelDecima\.stmcufinder\plugins\mcufinder/ => C:\Users\EmanuelDecima\.stmcufinder\plugins\mcufinder
2024-12-02 16:54:22,747 [INFO] DbMcusAds:125 - Set database path to: C:\Users\EmanuelDecima\.stmcufinder\plugins\mcufinder//mcu/
2024-12-02 16:54:22,747 [WARN] DbFile:41 - Overriding database path with different value: C:\Users\EmanuelDecima\.stmcufinder\plugins\mcufinder/ => C:\Users\EmanuelDecima\.stmcufinder\plugins\mcufinder
2024-12-02 16:54:22,748 [WARN] DbFile:41 - Overriding database path with different value: C:\Users\EmanuelDecima\.stmcufinder\plugins\mcufinder/ => C:\Users\EmanuelDecima\.stmcufinder\plugins\mcufinder
2024-12-02 16:54:22,748 [INFO] CrossReferenceDbSqlite:203 - Set database path to: C:\Users\EmanuelDecima\.stmcufinder\plugins\mcufinder//mcu/cs/
2024-12-02 16:54:22,979 [INFO] MainPanel:268 - HeapMemory: 268435456
2024-12-02 16:54:23,216 [INFO] DbMcusXml:78 - Set database path to: C:\ST\STM32CubeIDE_1.16.1\STM32CubeIDE\plugins\com.st.stm32cube.common.mx_6.12.1.202409122256\\db\/mcu/
2024-12-02 16:54:23,216 [INFO] ApiDb:274 - Set plugin database path to: C:\ST\STM32CubeIDE_1.16.1\STM32CubeIDE\plugins\com.st.stm32cube.common.mx_6.12.1.202409122256\\db\/plugins/boardmanager/
2024-12-02 16:54:23,216 [INFO] ApiDb:261 - Set plugin images path to: C:\ST\STM32CubeIDE_1.16.1\STM32CubeIDE\plugins\com.st.stm32cube.common.mx_6.12.1.202409122256\\db\/plugins/mcufinder/images/
2024-12-02 16:54:23,217 [WARN] DbFile:41 - Overriding database path with different value: C:\Users\EmanuelDecima\.stmcufinder\plugins\mcufinder/ => C:\Users\EmanuelDecima\.stmcufinder\plugins\mcufinder
2024-12-02 16:54:23,218 [INFO] ApiDb:250 - Set database path to: C:\Users\EmanuelDecima\.stmcufinder\plugins\mcufinder//mcu/
2024-12-02 16:54:23,218 [WARN] DbFile:41 - Overriding database path with different value: C:\Users\EmanuelDecima\.stmcufinder\plugins\mcufinder/ => C:\Users\EmanuelDecima\.stmcufinder\plugins\mcufinder
2024-12-02 16:54:23,218 [INFO] DbMcusAds:125 - Set database path to: C:\Users\EmanuelDecima\.stmcufinder\plugins\mcufinder//mcu/
2024-12-02 16:54:23,218 [WARN] DbFile:41 - Overriding database path with different value: C:\Users\EmanuelDecima\.stmcufinder\plugins\mcufinder/ => C:\Users\EmanuelDecima\.stmcufinder\plugins\mcufinder
2024-12-02 16:54:23,218 [WARN] DbFile:41 - Overriding database path with different value: C:\Users\EmanuelDecima\.stmcufinder\plugins\mcufinder/ => C:\Users\EmanuelDecima\.stmcufinder\plugins\mcufinder
2024-12-02 16:54:23,218 [INFO] CrossReferenceDbSqlite:203 - Set database path to: C:\Users\EmanuelDecima\.stmcufinder\plugins\mcufinder//mcu/cs/
2024-12-02 16:54:23,258 [INFO] ApplicationProperties:184 - Using Application install path: C:\ST\STM32CubeIDE_1.16.1\STM32CubeIDE\plugins\com.st.stm32cube.common.mx_6.12.1.202409122256
2024-12-02 16:54:23,262 [INFO] PluginManage:196 - Search for loadable plugins [exclusion list=, ]
2024-12-02 16:54:23,266 [INFO] PluginManage:310 - Check plugin analytics
2024-12-02 16:54:23,749 [INFO] AnalyticsPlugin:253 - Accepted Software Licenses: 
2024-12-02 16:54:23,750 [INFO] AnalyticsPlugin:255 - Accepted CMSIS Pack Licenses: 
2024-12-02 16:54:23,750 [INFO] AnalyticsPlugin:257 - Accepted Firmware Licenses: 
2024-12-02 16:54:23,769 [INFO] PluginManage:359 - Loaded plugin analytics (category:tool,tabindex:-1)
2024-12-02 16:54:23,770 [INFO] PluginManage:310 - Check plugin cadmodel
2024-12-02 16:54:23,785 [INFO] CADModel:105 - Init CAD model plugin
2024-12-02 16:54:23,785 [INFO] PluginManage:359 - Loaded plugin cadmodel (category:power,tabindex:5)
2024-12-02 16:54:23,785 [INFO] PluginManage:310 - Check plugin clock
2024-12-02 16:54:23,818 [INFO] PluginManage:359 - Loaded plugin clock (category:base,tabindex:2)
2024-12-02 16:54:23,818 [INFO] PluginManage:310 - Check plugin ddr
2024-12-02 16:54:23,824 [INFO] PluginManage:359 - Loaded plugin ddr (category:tool,tabindex:6)
2024-12-02 16:54:23,825 [INFO] PluginManage:310 - Check plugin filemanager
2024-12-02 16:54:24,223 [INFO] PluginManage:359 - Loaded plugin filemanager (category:base,tabindex:10)
2024-12-02 16:54:24,223 [INFO] PluginManage:310 - Check plugin ipmanager
2024-12-02 16:54:24,243 [INFO] PluginManage:359 - Loaded plugin ipmanager (category:base,tabindex:5)
2024-12-02 16:54:24,243 [INFO] PluginManage:310 - Check plugin lpbam
2024-12-02 16:54:24,263 [INFO] PluginManage:359 - Loaded plugin lpbam (category:base,tabindex:0)
2024-12-02 16:54:24,263 [INFO] PluginManage:310 - Check plugin memorymap
2024-12-02 16:54:24,297 [INFO] PluginManage:359 - Loaded plugin memorymap (category:base,tabindex:4)
2024-12-02 16:54:24,297 [INFO] PluginManage:310 - Check plugin pinoutandconfiguration
2024-12-02 16:54:24,310 [INFO] PluginManage:359 - Loaded plugin pinoutandconfiguration (category:base,tabindex:1)
2024-12-02 16:54:24,310 [INFO] PluginManage:310 - Check plugin pinoutconfig
2024-12-02 16:54:24,504 [WARN] SupportedApi:132 - Cannot load RTOS API schema: s4s-elt-must-match.1: The content of 'definitions' must match (annotation?, (simpleType | complexType)?, (unique | key | keyref)*)). A problem was found starting at: attribute.
2024-12-02 16:54:24,838 [INFO] PluginManage:359 - Loaded plugin pinoutconfig (category:base,tabindex:0)
2024-12-02 16:54:24,838 [INFO] PluginManage:310 - Check plugin power
2024-12-02 16:54:24,857 [INFO] PluginManage:359 - Loaded plugin power (category:power,tabindex:4)
2024-12-02 16:54:24,858 [INFO] PluginManage:310 - Check plugin projectmanager
2024-12-02 16:54:24,887 [INFO] PluginManage:359 - Loaded plugin projectmanager (category:projectmanager,tabindex:4)
2024-12-02 16:54:24,888 [INFO] PluginManage:310 - Check plugin rif
2024-12-02 16:54:24,898 [INFO] PluginManage:359 - Loaded plugin rif (category:base,tabindex:3)
2024-12-02 16:54:24,899 [INFO] PluginManage:310 - Check plugin thirdparty
2024-12-02 16:54:25,150 [INFO] PluginManage:359 - Loaded plugin thirdparty (category:base,tabindex:-1)
2024-12-02 16:54:25,151 [INFO] PluginManage:310 - Check plugin tools
2024-12-02 16:54:25,151 [WARN] IntegrityCheckThread:84 - waiting for thirdparty lock release [integrity check]
2024-12-02 16:54:25,151 [INFO] IntegrityCheckThread:86 - entering critical section [integrity check]
2024-12-02 16:54:25,153 [INFO] ThirdPartyUpdaterWithRetryManager:70 - Updater plugin not ready yet. [1/15]
2024-12-02 16:54:25,157 [INFO] PluginManage:359 - Loaded plugin tools (category:base,tabindex:7)
2024-12-02 16:54:25,159 [INFO] PluginManage:310 - Check plugin tutovideos
2024-12-02 16:54:25,494 [INFO] PluginManage:359 - Loaded plugin tutovideos (category:base,tabindex:-1)
2024-12-02 16:54:25,495 [INFO] PluginManage:310 - Check plugin updater
2024-12-02 16:54:25,529 [INFO] PluginManage:359 - Loaded plugin updater (category:base,tabindex:12)
2024-12-02 16:54:25,529 [INFO] PluginManage:310 - Check plugin userauth
2024-12-02 16:54:25,537 [INFO] UserAuth:113 - Init User Auth plugin
2024-12-02 16:54:25,537 [INFO] PluginManage:359 - Loaded plugin userauth (category:base,tabindex:14)
2024-12-02 16:54:25,539 [INFO] PluginManage:283 - PluginManage : Loaded plugins [18]
2024-12-02 16:54:25,957 [INFO] PinOutPanel:1561 - setPackage(No Configuration,No Configuration)
2024-12-02 16:54:26,160 [INFO] CADModel:165 - CPN selected for project level
2024-12-02 16:54:26,160 [INFO] CADModel:114 - Register for checkConnection events
2024-12-02 16:54:26,185 [INFO] IPUIPlugin:80 - create IPUIPlugin
2024-12-02 16:54:26,186 [INFO] PluginManager:220 - loadIPPluginJar : add adc
2024-12-02 16:54:26,191 [INFO] IPUIPlugin:80 - create IPUIPlugin
2024-12-02 16:54:26,191 [INFO] PluginManager:220 - loadIPPluginJar : add aes
2024-12-02 16:54:26,196 [INFO] IPUIPlugin:80 - create IPUIPlugin
2024-12-02 16:54:26,196 [INFO] PluginManager:220 - loadIPPluginJar : add can
2024-12-02 16:54:26,200 [INFO] IPUIPlugin:80 - create IPUIPlugin
2024-12-02 16:54:26,200 [INFO] PluginManager:220 - loadIPPluginJar : add comp
2024-12-02 16:54:26,205 [INFO] IPUIPlugin:80 - create IPUIPlugin
2024-12-02 16:54:26,205 [INFO] PluginManager:220 - loadIPPluginJar : add cryp
2024-12-02 16:54:26,209 [INFO] IPUIPlugin:80 - create IPUIPlugin
2024-12-02 16:54:26,210 [INFO] PluginManager:220 - loadIPPluginJar : add ddr_ctrl_phy
2024-12-02 16:54:26,214 [INFO] IPUIPlugin:80 - create IPUIPlugin
2024-12-02 16:54:26,214 [INFO] PluginManager:220 - loadIPPluginJar : add dfsdm
2024-12-02 16:54:26,222 [INFO] IPUIPlugin:80 - create IPUIPlugin
2024-12-02 16:54:26,223 [INFO] PluginManager:220 - loadIPPluginJar : add dma
2024-12-02 16:54:26,228 [INFO] IPUIPlugin:80 - create IPUIPlugin
2024-12-02 16:54:26,229 [INFO] PluginManager:220 - loadIPPluginJar : add dma3
2024-12-02 16:54:26,233 [INFO] IPUIPlugin:80 - create IPUIPlugin
2024-12-02 16:54:26,234 [INFO] PluginManager:220 - loadIPPluginJar : add extmemmanager
2024-12-02 16:54:26,237 [INFO] IPUIPlugin:80 - create IPUIPlugin
2024-12-02 16:54:26,237 [INFO] PluginManager:220 - loadIPPluginJar : add fatfs
2024-12-02 16:54:26,244 [INFO] IPUIPlugin:80 - create IPUIPlugin
2024-12-02 16:54:26,244 [INFO] PluginManager:220 - loadIPPluginJar : add fmc
2024-12-02 16:54:26,254 [INFO] IPUIPlugin:80 - create IPUIPlugin
2024-12-02 16:54:26,255 [INFO] PluginManager:220 - loadIPPluginJar : add freertos
2024-12-02 16:54:26,257 [INFO] IPUIPlugin:80 - create IPUIPlugin
2024-12-02 16:54:26,258 [INFO] PluginManager:220 - loadIPPluginJar : add genericplugin
2024-12-02 16:54:26,262 [INFO] IPUIPlugin:80 - create IPUIPlugin
2024-12-02 16:54:26,262 [INFO] PluginManager:220 - loadIPPluginJar : add gfxmmu
2024-12-02 16:54:26,270 [INFO] IPUIPlugin:80 - create IPUIPlugin
2024-12-02 16:54:26,271 [INFO] PluginManager:220 - loadIPPluginJar : add gic
2024-12-02 16:54:26,277 [INFO] IPUIPlugin:80 - create IPUIPlugin
2024-12-02 16:54:26,279 [INFO] PluginManager:220 - loadIPPluginJar : add gpio
2024-12-02 16:54:26,283 [INFO] IPUIPlugin:80 - create IPUIPlugin
2024-12-02 16:54:26,283 [INFO] PluginManager:220 - loadIPPluginJar : add gtzc
2024-12-02 16:54:26,287 [INFO] IPUIPlugin:80 - create IPUIPlugin
2024-12-02 16:54:26,288 [INFO] PluginManager:220 - loadIPPluginJar : add hash
2024-12-02 16:54:26,294 [INFO] IPUIPlugin:80 - create IPUIPlugin
2024-12-02 16:54:26,295 [INFO] PluginManager:220 - loadIPPluginJar : add i2c
2024-12-02 16:54:26,299 [INFO] IPUIPlugin:80 - create IPUIPlugin
2024-12-02 16:54:26,299 [INFO] PluginManager:220 - loadIPPluginJar : add i2s
2024-12-02 16:54:26,304 [INFO] IPUIPlugin:80 - create IPUIPlugin
2024-12-02 16:54:26,304 [INFO] PluginManager:220 - loadIPPluginJar : add i3c
2024-12-02 16:54:26,311 [INFO] IPUIPlugin:80 - create IPUIPlugin
2024-12-02 16:54:26,311 [INFO] PluginManager:220 - loadIPPluginJar : add ipddr
2024-12-02 16:54:26,322 [INFO] IPUIPlugin:80 - create IPUIPlugin
2024-12-02 16:54:26,323 [INFO] PluginManager:220 - loadIPPluginJar : add linkedlist
2024-12-02 16:54:26,329 [INFO] IPUIPlugin:80 - create IPUIPlugin
2024-12-02 16:54:26,329 [INFO] PluginManager:220 - loadIPPluginJar : add lorawan
2024-12-02 16:54:26,331 [INFO] IPUIPlugin:80 - create IPUIPlugin
2024-12-02 16:54:26,332 [INFO] PluginManager:220 - loadIPPluginJar : add ltdc
2024-12-02 16:54:26,342 [INFO] IPUIPlugin:80 - create IPUIPlugin
2024-12-02 16:54:26,343 [INFO] PluginManager:220 - loadIPPluginJar : add mdma
2024-12-02 16:54:26,349 [INFO] IPUIPlugin:80 - create IPUIPlugin
2024-12-02 16:54:26,349 [INFO] PluginManager:220 - loadIPPluginJar : add nvic
2024-12-02 16:54:26,355 [INFO] IPUIPlugin:80 - create IPUIPlugin
2024-12-02 16:54:26,355 [INFO] PluginManager:220 - loadIPPluginJar : add opamp
2024-12-02 16:54:26,361 [INFO] IPUIPlugin:80 - create IPUIPlugin
2024-12-02 16:54:26,362 [INFO] PluginManager:220 - loadIPPluginJar : add openamp
2024-12-02 16:54:26,367 [INFO] IPUIPlugin:80 - create IPUIPlugin
2024-12-02 16:54:26,367 [INFO] PluginManager:220 - loadIPPluginJar : add pdm2pcm
2024-12-02 16:54:26,377 [INFO] IPUIPlugin:80 - create IPUIPlugin
2024-12-02 16:54:26,381 [INFO] PluginManager:220 - loadIPPluginJar : add plateformsettings
2024-12-02 16:54:26,383 [INFO] IPUIPlugin:80 - create IPUIPlugin
2024-12-02 16:54:26,383 [INFO] PluginManager:220 - loadIPPluginJar : add quadspi
2024-12-02 16:54:26,387 [INFO] IPUIPlugin:80 - create IPUIPlugin
2024-12-02 16:54:26,389 [INFO] PluginManager:220 - loadIPPluginJar : add radio
2024-12-02 16:54:26,395 [INFO] IPUIPlugin:80 - create IPUIPlugin
2024-12-02 16:54:26,395 [INFO] PluginManager:220 - loadIPPluginJar : add resmgrutility
2024-12-02 16:54:26,401 [INFO] IPUIPlugin:80 - create IPUIPlugin
2024-12-02 16:54:26,401 [INFO] PluginManager:220 - loadIPPluginJar : add sai
2024-12-02 16:54:26,406 [INFO] IPUIPlugin:80 - create IPUIPlugin
2024-12-02 16:54:26,406 [INFO] PluginManager:220 - loadIPPluginJar : add spi
2024-12-02 16:54:26,413 [INFO] IPUIPlugin:80 - create IPUIPlugin
2024-12-02 16:54:26,414 [INFO] PluginManager:220 - loadIPPluginJar : add stm32_wpan
2024-12-02 16:54:26,416 [INFO] IPUIPlugin:80 - create IPUIPlugin
2024-12-02 16:54:26,417 [INFO] PluginManager:220 - loadIPPluginJar : add tim
2024-12-02 16:54:26,421 [INFO] IPUIPlugin:80 - create IPUIPlugin
2024-12-02 16:54:26,422 [INFO] PluginManager:220 - loadIPPluginJar : add touchsensing
2024-12-02 16:54:26,426 [INFO] IPUIPlugin:80 - create IPUIPlugin
2024-12-02 16:54:26,426 [INFO] PluginManager:220 - loadIPPluginJar : add tracer_emb
2024-12-02 16:54:26,429 [INFO] IPUIPlugin:80 - create IPUIPlugin
2024-12-02 16:54:26,429 [INFO] PluginManager:220 - loadIPPluginJar : add ts
2024-12-02 16:54:26,432 [INFO] IPUIPlugin:80 - create IPUIPlugin
2024-12-02 16:54:26,433 [INFO] PluginManager:220 - loadIPPluginJar : add tsc
2024-12-02 16:54:26,438 [INFO] IPUIPlugin:80 - create IPUIPlugin
2024-12-02 16:54:26,438 [INFO] PluginManager:220 - loadIPPluginJar : add ucpd
2024-12-02 16:54:26,443 [INFO] IPUIPlugin:80 - create IPUIPlugin
2024-12-02 16:54:26,444 [INFO] PluginManager:220 - loadIPPluginJar : add usart
2024-12-02 16:54:26,450 [INFO] IPUIPlugin:80 - create IPUIPlugin
2024-12-02 16:54:26,450 [INFO] PluginManager:220 - loadIPPluginJar : add usbx
2024-12-02 16:54:26,706 [INFO] CADModel:165 - CPN selected for project level
2024-12-02 16:54:26,708 [INFO] CADModel:114 - Register for checkConnection events
2024-12-02 16:54:26,709 [FATAL] Updater:334 - Updater called before beeing initialized
2024-12-02 16:54:26,710 [ERROR] CADModel:125 - Updater not yet initialized, retry later 
2024-12-02 16:54:27,207 [INFO] CADModel:165 - CPN selected for project level
2024-12-02 16:54:27,208 [INFO] CADModel:114 - Register for checkConnection events
2024-12-02 16:54:27,208 [FATAL] Updater:334 - Updater called before beeing initialized
2024-12-02 16:54:27,208 [ERROR] CADModel:125 - Updater not yet initialized, retry later 
2024-12-02 16:54:27,214 [FATAL] Updater:334 - Updater called before beeing initialized
2024-12-02 16:54:27,490 [FATAL] Updater:334 - Updater called before beeing initialized
2024-12-02 16:54:27,496 [INFO] DbMcusAds:53 - JSON generation date=Thu Sep 30 03:55:09 ART 2021 (1632984909247)
2024-12-02 16:54:27,497 [FATAL] Updater:334 - Updater called before beeing initialized
2024-12-02 16:54:27,567 [WARN] DetailPanel:346 - Failed to get advertising image, set to default
2024-12-02 16:54:27,734 [FATAL] Updater:334 - Updater called before beeing initialized
2024-12-02 16:54:27,738 [FATAL] Updater:334 - Updater called before beeing initialized
2024-12-02 16:54:27,738 [FATAL] Updater:334 - Updater called before beeing initialized
2024-12-02 16:54:27,738 [WARN] DetailPanel:346 - Failed to get advertising image, set to default
2024-12-02 16:54:27,739 [FATAL] Updater:334 - Updater called before beeing initialized
2024-12-02 16:54:27,862 [ERROR] Updater:1164 - MainUpdater not yet initialized. External WinMGr cannot be set.
2024-12-02 16:54:27,867 [INFO] Updater:1100 - Updater Version found : 6.12.1
2024-12-02 16:54:27,898 [INFO] ApplicationProperties:184 - Using Application install path: C:\ST\STM32CubeIDE_1.16.1\STM32CubeIDE\plugins\com.st.stm32cube.common.mx_6.12.1.202409122256
2024-12-02 16:54:28,154 [INFO] ThirdPartyUpdaterWithRetryManager:70 - Updater plugin not ready yet. [2/15]
2024-12-02 16:54:29,487 [ERROR] LogOutputStream:75 - [STDERR_REDIRECT] Dec 02, 2024 4:54:29 PM java.util.prefs.WindowsPreferences <init>
2024-12-02 16:54:29,490 [ERROR] LogOutputStream:75 - [STDERR_REDIRECT] WARNING: Could not open/create prefs root node Software\JavaSoft\Prefs at root 0xffffffff80000002. Windows RegCreateKeyEx(...) returned error code 5.
2024-12-02 16:54:29,491 [ERROR] LogOutputStream:75 - [STDERR_REDIRECT] 
2024-12-02 16:54:30,053 [INFO] MainUpdater:2873 - connection check result : 10
2024-12-02 16:54:30,054 [INFO] MainUpdater:290 - Updater Check For Update Now.
2024-12-02 16:54:30,055 [INFO] MicroXplorer:498 - Change Database Version : DB.6.0.121
2024-12-02 16:54:30,091 [INFO] McuFinderGlobals:63 - Set McuFinder mode to 2 (CubeIDE integrated)
2024-12-02 16:54:30,092 [INFO] UserAuth:179 - activating auth plugin
2024-12-02 16:54:30,099 [INFO] UserAuth:417 - Internet connection configuration mode: 1
2024-12-02 16:54:30,163 [INFO] JxBrowserEngine:152 - Initiate JxBrowser Engine with user profile folder
2024-12-02 16:54:30,349 [INFO] CheckServerUpdateThread:120 - End of CheckServer Thread
2024-12-02 16:54:31,771 [WARN] PackLoader:240 - Cannot read IP mode file for STMicroelectronics.FP-SNS-MOTENVWB1.1.4.0
2024-12-02 16:54:31,794 [WARN] PackLoader:240 - Cannot read IP mode file for STMicroelectronics.FP-ATR-ASTRA1.2.0.1
2024-12-02 16:54:31,812 [WARN] PackLoader:240 - Cannot read IP mode file for STMicroelectronics.X-CUBE-SMBUS.2.1.0
2024-12-02 16:54:31,833 [WARN] PackLoader:240 - Cannot read IP mode file for STMicroelectronics.X-CUBE-WB05N.1.1.0
2024-12-02 16:54:31,914 [WARN] PackLoader:240 - Cannot read IP mode file for STMicroelectronics.X-CUBE-AZRTOS-F7.1.1.0
2024-12-02 16:54:32,130 [WARN] PackLoader:240 - Cannot read IP mode file for STMicroelectronics.X-CUBE-MEMS1.11.0.0
2024-12-02 16:54:32,557 [WARN] PackLoader:240 - Cannot read IP mode file for STMicroelectronics.FP-SNS-FLIGHT1.5.0.2
2024-12-02 16:54:32,635 [WARN] PackLoader:240 - Cannot read IP mode file for Infineon.AIROC-Wi-Fi-Bluetooth-STM32.1.7.0
2024-12-02 16:54:32,660 [WARN] PackLoader:240 - Cannot read IP mode file for STMicroelectronics.X-CUBE-DISPLAY.3.0.0
2024-12-02 16:54:32,713 [WARN] PackLoader:240 - Cannot read IP mode file for STMicroelectronics.X-CUBE-BLE1.7.0.0
2024-12-02 16:54:32,733 [WARN] PackLoader:240 - Cannot read IP mode file for STMicroelectronics.X-CUBE-NFC10.1.0.0
2024-12-02 16:54:32,774 [WARN] PackLoader:240 - Cannot read IP mode file for emotas.I-CUBE-CANOPEN.1.3.0
2024-12-02 16:54:32,815 [WARN] PackLoader:240 - Cannot read IP mode file for STMicroelectronics.X-CUBE-BLEMGR.3.1.0
2024-12-02 16:54:32,868 [WARN] PackLoader:240 - Cannot read IP mode file for STMicroelectronics.FP-SNS-SMARTAG2.1.2.0
2024-12-02 16:54:32,903 [INFO] LogOutputStream:77 - [STDOUT_REDIRECT] 1 : Invalid condition id : UX_CORESTACK_Condition cause : null
2024-12-02 16:54:32,906 [INFO] LogOutputStream:77 - [STDOUT_REDIRECT] 1 : Invalid condition id : UX_CORESTACK_Condition cause : null
2024-12-02 16:54:32,916 [INFO] LogOutputStream:77 - [STDOUT_REDIRECT] 1 : Invalid condition id : UX_CORESTACK_Condition cause : null
2024-12-02 16:54:32,918 [INFO] LogOutputStream:77 - [STDOUT_REDIRECT] 1 : Invalid condition id : UX_CORESTACK_Condition cause : null
2024-12-02 16:54:32,920 [INFO] LogOutputStream:77 - [STDOUT_REDIRECT] 1 : Invalid condition id : UX_CORESTACK_Condition cause : null
2024-12-02 16:54:32,945 [WARN] PackLoader:240 - Cannot read IP mode file for STMicroelectronics.X-CUBE-AZRTOS-WL.2.0.0
2024-12-02 16:54:33,072 [WARN] PackLoader:240 - Cannot read IP mode file for STMicroelectronics.FP-SNS-MOTENV1.5.0.0
2024-12-02 16:54:33,179 [WARN] PackLoader:240 - Cannot read IP mode file for wolfSSL.I-CUBE-wolfMQTT.1.19.0
2024-12-02 16:54:33,233 [WARN] PackLoader:240 - Cannot read IP mode file for WES.I-CUBE-Cesium.1.3.0
2024-12-02 16:54:33,265 [WARN] PackLoader:240 - Cannot read IP mode file for STMicroelectronics.X-CUBE-BLE2.3.3.0
2024-12-02 16:54:33,302 [WARN] PackLoader:240 - Cannot read IP mode file for STMicroelectronics.X-CUBE-NFC9.1.0.0
2024-12-02 16:54:33,361 [WARN] PackLoader:240 - Cannot read IP mode file for STMicroelectronics.X-CUBE-TCPP.4.1.0
2024-12-02 16:54:33,506 [WARN] PackLoader:240 - Cannot read IP mode file for STMicroelectronics.X-CUBE-AZRTOS-G0.1.1.0
2024-12-02 16:54:33,548 [WARN] PackLoader:240 - Cannot read IP mode file for STMicroelectronics.X-CUBE-SAFEA1.1.2.2
2024-12-02 16:54:33,597 [WARN] PackLoader:240 - Cannot read IP mode file for STMicroelectronics.X-CUBE-NFC4.3.0.0
2024-12-02 16:54:33,624 [WARN] PackLoader:240 - Cannot read IP mode file for EmbeddedOffice.I-CUBE-FS-RTOS.1.0.1
2024-12-02 16:54:33,624 [ERROR] ConditionMgr:805 - Attr not supported : Dmpu
2024-12-02 16:54:33,625 [ERROR] ConditionMgr:805 - Attr not supported : Dmpu
2024-12-02 16:54:33,625 [ERROR] ConditionMgr:805 - Attr not supported : Dmpu
2024-12-02 16:54:33,625 [ERROR] ConditionMgr:805 - Attr not supported : Dmpu
2024-12-02 16:54:33,625 [ERROR] ConditionMgr:805 - Attr not supported : Dmpu
2024-12-02 16:54:33,626 [ERROR] ConditionMgr:805 - Attr not supported : Dmpu
2024-12-02 16:54:33,626 [ERROR] ConditionMgr:805 - Attr not supported : Dmpu
2024-12-02 16:54:33,629 [ERROR] ConditionMgr:805 - Attr not supported : Dmpu
2024-12-02 16:54:33,631 [ERROR] ConditionMgr:805 - Attr not supported : Dmpu
2024-12-02 16:54:33,631 [ERROR] ConditionMgr:805 - Attr not supported : Dmpu
2024-12-02 16:54:33,632 [ERROR] ConditionMgr:805 - Attr not supported : Dmpu
2024-12-02 16:54:33,632 [ERROR] ConditionMgr:805 - Attr not supported : Dmpu
2024-12-02 16:54:33,633 [ERROR] ConditionMgr:805 - Attr not supported : Dmpu
2024-12-02 16:54:33,634 [ERROR] ConditionMgr:805 - Attr not supported : Dmpu
2024-12-02 16:54:33,634 [ERROR] ConditionMgr:805 - Attr not supported : Dmpu
2024-12-02 16:54:33,634 [ERROR] ConditionMgr:805 - Attr not supported : Dmpu
2024-12-02 16:54:33,635 [ERROR] ConditionMgr:805 - Attr not supported : Dmpu
2024-12-02 16:54:33,636 [ERROR] ConditionMgr:805 - Attr not supported : Dmpu
2024-12-02 16:54:33,639 [ERROR] ConditionMgr:805 - Attr not supported : Dmpu
2024-12-02 16:54:33,639 [ERROR] ConditionMgr:805 - Attr not supported : Dmpu
2024-12-02 16:54:33,639 [ERROR] ConditionMgr:805 - Attr not supported : Dmpu
2024-12-02 16:54:33,640 [ERROR] ConditionMgr:805 - Attr not supported : Dmpu
2024-12-02 16:54:33,640 [ERROR] ConditionMgr:805 - Attr not supported : Dmpu
2024-12-02 16:54:33,640 [ERROR] ConditionMgr:805 - Attr not supported : Dmpu
2024-12-02 16:54:33,641 [ERROR] ConditionMgr:805 - Attr not supported : Dmpu
2024-12-02 16:54:33,641 [ERROR] ConditionMgr:805 - Attr not supported : Dmpu
2024-12-02 16:54:33,641 [ERROR] ConditionMgr:805 - Attr not supported : Dmpu
2024-12-02 16:54:33,649 [ERROR] ConditionMgr:805 - Attr not supported : Dmpu
2024-12-02 16:54:33,687 [ERROR] ConditionMgr:805 - Attr not supported : Dmpu
2024-12-02 16:54:33,692 [ERROR] ConditionMgr:805 - Attr not supported : Dmpu
2024-12-02 16:54:33,695 [ERROR] ConditionMgr:805 - Attr not supported : Dmpu
2024-12-02 16:54:33,695 [ERROR] ConditionMgr:805 - Attr not supported : Dmpu
2024-12-02 16:54:33,695 [ERROR] ConditionMgr:805 - Attr not supported : Dmpu
2024-12-02 16:54:33,695 [ERROR] ConditionMgr:805 - Attr not supported : Dmpu
2024-12-02 16:54:33,696 [ERROR] ConditionMgr:805 - Attr not supported : Dmpu
2024-12-02 16:54:33,696 [ERROR] ConditionMgr:805 - Attr not supported : Dmpu
2024-12-02 16:54:33,696 [ERROR] ConditionMgr:805 - Attr not supported : Dmpu
2024-12-02 16:54:33,697 [ERROR] ConditionMgr:805 - Attr not supported : Dmpu
2024-12-02 16:54:33,697 [ERROR] ConditionMgr:805 - Attr not supported : Dmpu
2024-12-02 16:54:33,697 [ERROR] ConditionMgr:805 - Attr not supported : Dmpu
2024-12-02 16:54:33,698 [ERROR] ConditionMgr:805 - Attr not supported : Dmpu
2024-12-02 16:54:33,698 [ERROR] ConditionMgr:805 - Attr not supported : Dmpu
2024-12-02 16:54:33,698 [ERROR] ConditionMgr:805 - Attr not supported : Dmpu
2024-12-02 16:54:33,698 [ERROR] ConditionMgr:805 - Attr not supported : Dmpu
2024-12-02 16:54:33,699 [ERROR] ConditionMgr:805 - Attr not supported : Dmpu
2024-12-02 16:54:33,699 [ERROR] ConditionMgr:805 - Attr not supported : Dmpu
2024-12-02 16:54:33,699 [ERROR] ConditionMgr:805 - Attr not supported : Dmpu
2024-12-02 16:54:33,704 [ERROR] ConditionMgr:805 - Attr not supported : Dmpu
2024-12-02 16:54:33,704 [ERROR] ConditionMgr:805 - Attr not supported : Dmpu
2024-12-02 16:54:33,706 [ERROR] ConditionMgr:805 - Attr not supported : Dmpu
2024-12-02 16:54:33,707 [ERROR] ConditionMgr:805 - Attr not supported : Dmpu
2024-12-02 16:54:33,707 [ERROR] ConditionMgr:805 - Attr not supported : Dmpu
2024-12-02 16:54:33,708 [ERROR] ConditionMgr:805 - Attr not supported : Dmpu
2024-12-02 16:54:33,708 [ERROR] ConditionMgr:805 - Attr not supported : Dmpu
2024-12-02 16:54:33,708 [ERROR] ConditionMgr:805 - Attr not supported : Dmpu
2024-12-02 16:54:33,709 [ERROR] ConditionMgr:805 - Attr not supported : Dmpu
2024-12-02 16:54:33,711 [ERROR] ConditionMgr:805 - Attr not supported : Dmpu
2024-12-02 16:54:33,713 [ERROR] ConditionMgr:805 - Attr not supported : Dmpu
2024-12-02 16:54:33,713 [ERROR] ConditionMgr:805 - Attr not supported : Dmpu
2024-12-02 16:54:33,714 [ERROR] ConditionMgr:805 - Attr not supported : Dmpu
2024-12-02 16:54:33,715 [ERROR] ConditionMgr:805 - Attr not supported : Dmpu
2024-12-02 16:54:33,715 [ERROR] ConditionMgr:805 - Attr not supported : Dmpu
2024-12-02 16:54:33,716 [ERROR] ConditionMgr:805 - Attr not supported : Dmpu
2024-12-02 16:54:33,716 [ERROR] ConditionMgr:805 - Attr not supported : Dmpu
2024-12-02 16:54:33,739 [WARN] PackLoader:240 - Cannot read IP mode file for RealThread.X-CUBE-RT-Thread_Nano.4.1.1
2024-12-02 16:54:33,754 [WARN] PackLoader:240 - Cannot read IP mode file for STMicroelectronics.FP-ATR-SIGFOX1.3.2.0
2024-12-02 16:54:33,758 [INFO] WebApp:167 - Instantiating new browser for Auth
2024-12-02 16:54:33,768 [WARN] ConditionMgr:438 - getConditionDescription Invalid condition id : Cortex-A Device cause : null
2024-12-02 16:54:33,864 [WARN] ConditionMgr:1039 - genDependencies : Invalid condition id : Cortex-A Device cause : null
2024-12-02 16:54:33,865 [WARN] ConditionMgr:1039 - genDependencies : Invalid condition id : Cortex-A Device cause : null
2024-12-02 16:54:33,865 [WARN] ConditionMgr:1039 - genDependencies : Invalid condition id : Cortex-A Device cause : null
2024-12-02 16:54:33,888 [WARN] PackLoader:240 - Cannot read IP mode file for STMicroelectronics.X-CUBE-EEPRMA1.5.1.0
2024-12-02 16:54:33,904 [WARN] PackLoader:240 - Cannot read IP mode file for wolfSSL.I-CUBE-wolfSSL.5.7.4
2024-12-02 16:54:33,938 [WARN] PackLoader:240 - Cannot read IP mode file for ITTIA_DB.I-CUBE-ITTIADB.8.9.0
2024-12-02 16:54:34,097 [WARN] PackLoader:240 - Cannot read IP mode file for SEGGER.I-CUBE-embOS.1.3.1
2024-12-02 16:54:34,218 [WARN] PackLoader:240 - Cannot read IP mode file for STMicroelectronics.X-CUBE-ALGOBUILD.1.4.0
2024-12-02 16:54:34,255 [WARN] PackLoader:240 - Cannot read IP mode file for STMicroelectronics.X-CUBE-AZRTOS-F4.1.1.0
2024-12-02 16:54:34,280 [WARN] PackLoader:240 - Cannot read IP mode file for STMicroelectronics.X-CUBE-ISPU.2.1.0
2024-12-02 16:54:34,301 [WARN] PackLoader:240 - Cannot read IP mode file for STMicroelectronics.X-CUBE-FREERTOS.1.2.0
2024-12-02 16:54:34,338 [WARN] PackLoader:240 - Cannot read IP mode file for STMicroelectronics.X-CUBE-AZRTOS-L5.2.0.0
2024-12-02 16:54:34,382 [WARN] PackLoader:240 - Cannot read IP mode file for STMicroelectronics.X-CUBE-NFC6.3.1.0
2024-12-02 16:54:34,410 [WARN] PackLoader:240 - Cannot read IP mode file for STMicroelectronics.X-CUBE-DPower.1.2.0
2024-12-02 16:54:34,426 [WARN] PackLoader:240 - Cannot read IP mode file for STMicroelectronics.X-CUBE-NFC7.1.0.1
2024-12-02 16:54:34,469 [WARN] ConditionMgr:438 - getConditionDescription Invalid condition id : LAN8742 Phy interface Condition cause : null
2024-12-02 16:54:34,471 [WARN] PackLoader:240 - Cannot read IP mode file for STMicroelectronics.X-CUBE-AZRTOS-L4.2.0.0
2024-12-02 16:54:34,473 [WARN] ConditionMgr:1039 - genDependencies : Invalid condition id : LAN8742 Phy interface Condition cause : null
2024-12-02 16:54:34,474 [WARN] ConditionMgr:1039 - genDependencies : Invalid condition id : LAN8742 Phy interface Condition cause : null
2024-12-02 16:54:34,475 [WARN] ConditionMgr:1039 - genDependencies : Invalid condition id : LAN8742 Phy interface Condition cause : null
2024-12-02 16:54:34,495 [WARN] PackLoader:240 - Cannot read IP mode file for STMicroelectronics.X-CUBE-SFXS2LP1.4.0.0
2024-12-02 16:54:34,546 [WARN] PackLoader:240 - Cannot read IP mode file for STMicroelectronics.X-CUBE-AZRTOS-H7.3.3.0
2024-12-02 16:54:34,576 [WARN] PackLoader:240 - Cannot read IP mode file for STMicroelectronics.X-CUBE-IPS.3.0.0
2024-12-02 16:54:34,620 [WARN] ConditionMgr:438 - getConditionDescription Invalid condition id : UX DEVICE CLASS RTOS Condition cause : null
2024-12-02 16:54:34,621 [WARN] ConditionMgr:438 - getConditionDescription Invalid condition id : UX DEVICE CLASS RTOS Condition cause : null
2024-12-02 16:54:34,627 [WARN] PackLoader:240 - Cannot read IP mode file for STMicroelectronics.X-CUBE-AZRTOS-WB.2.0.0
2024-12-02 16:54:34,629 [WARN] ConditionMgr:1039 - genDependencies : Invalid condition id : UX DEVICE CLASS RTOS Condition cause : null
2024-12-02 16:54:34,630 [WARN] ConditionMgr:1039 - genDependencies : Invalid condition id : UX DEVICE CLASS RTOS Condition cause : null
2024-12-02 16:54:34,631 [WARN] ConditionMgr:1039 - genDependencies : Invalid condition id : UX DEVICE CLASS RTOS Condition cause : null
2024-12-02 16:54:34,631 [WARN] ConditionMgr:1039 - genDependencies : Invalid condition id : UX DEVICE CLASS RTOS Condition cause : null
2024-12-02 16:54:34,632 [WARN] ConditionMgr:1039 - genDependencies : Invalid condition id : UX DEVICE CLASS RTOS Condition cause : null
2024-12-02 16:54:34,651 [WARN] PackLoader:240 - Cannot read IP mode file for STMicroelectronics.X-CUBE-GNSS1.7.0.0
2024-12-02 16:54:34,688 [WARN] PackLoader:240 - Cannot read IP mode file for STMicroelectronics.X-CUBE-SUBG2.5.0.0
2024-12-02 16:54:34,714 [WARN] PackLoader:240 - Cannot read IP mode file for Cesanta.I-CUBE-Mongoose.7.13.0
2024-12-02 16:54:34,744 [WARN] PackLoader:240 - Cannot read IP mode file for STMicroelectronics.X-CUBE-AZRTOS-G4.2.0.0
2024-12-02 16:54:34,784 [WARN] PackLoader:240 - Cannot read IP mode file for STMicroelectronics.X-CUBE-ALS.1.0.2
2024-12-02 16:54:34,799 [WARN] PackLoader:240 - Cannot read IP mode file for STMicroelectronics.X-CUBE-TOUCHGFX.4.24.1
2024-12-02 16:54:34,812 [WARN] PackLoader:240 - Cannot read IP mode file for wolfSSL.I-CUBE-wolfTPM.3.4.0
2024-12-02 16:54:34,832 [WARN] PackLoader:240 - Cannot read IP mode file for portGmbH.I-Cube-SoM-uGOAL.1.1.0
2024-12-02 16:54:34,876 [WARN] PackLoader:240 - Cannot read IP mode file for STMicroelectronics.X-CUBE-AZRTOS-H7RS.1.0.0
2024-12-02 16:54:34,895 [WARN] PackLoader:240 - Cannot read IP mode file for STMicroelectronics.FP-ATR-ASTRA1.2.0.0
2024-12-02 16:54:34,925 [WARN] PackLoader:240 - Cannot read IP mode file for STMicroelectronics.X-CUBE-TOF1.3.4.2
2024-12-02 16:54:34,952 [WARN] PackLoader:240 - Cannot read IP mode file for wolfSSL.I-CUBE-wolfSSH.1.4.17
2024-12-02 16:54:34,953 [INFO] ThirdParty:978 - Integrity check success = true
2024-12-02 16:54:34,953 [INFO] IntegrityCheckThread:100 - exiting critical section [integrity check]
2024-12-02 16:54:34,953 [INFO] IntegrityCheckThread:103 - End integrity checks thread
2024-12-02 16:54:37,340 [INFO] WebApp:448 - Apply proxy settings
2024-12-02 16:54:37,341 [INFO] WebApp:533 - Chromium requires no authentication
2024-12-02 16:54:37,376 [INFO] WebApp:476 - Direct internet connection detected
2024-12-02 16:54:37,448 [INFO] WebApp:869 - Register for checkConnection events
2024-12-02 16:54:37,449 [INFO] WebApp:448 - Apply proxy settings
2024-12-02 16:54:37,449 [INFO] WebApp:533 - Chromium requires no authentication
2024-12-02 16:54:37,451 [INFO] WebApp:476 - Direct internet connection detected
2024-12-02 16:54:37,942 [INFO] WebApp:220 - Starting web application
2024-12-02 16:54:37,943 [INFO] WebApp:578 - Web application path used C:\ST\STM32CubeIDE_1.16.1\STM32CubeIDE\plugins\com.st.stm32cube.common.mx_6.12.1.202409122256\db\plugins\mcufinder\reactClient1\index.html
2024-12-02 16:54:38,697 [ERROR] LogOutputStream:75 - [STDERR_REDIRECT] [Fatal Error] :1:1: Premature end of file.
2024-12-02 16:54:38,698 [ERROR] LogOutputStream:75 - [STDERR_REDIRECT] 
2024-12-02 16:54:38,945 [INFO] WebApp:186 - Connection restablished
2024-12-02 16:54:39,721 [ERROR] LogOutputStream:75 - [STDERR_REDIRECT] [Fatal Error] :1:1: Premature end of file.
2024-12-02 16:54:39,721 [ERROR] LogOutputStream:75 - [STDERR_REDIRECT] 
2024-12-02 16:54:40,558 [ERROR] LogOutputStream:75 - [STDERR_REDIRECT] [Fatal Error] :1:1: Premature end of file.
2024-12-02 16:54:40,558 [ERROR] LogOutputStream:75 - [STDERR_REDIRECT] 
2024-12-02 16:54:41,440 [ERROR] LogOutputStream:75 - [STDERR_REDIRECT] [Fatal Error] :1:1: Premature end of file.
2024-12-02 16:54:41,441 [ERROR] LogOutputStream:75 - [STDERR_REDIRECT] 
2024-12-02 16:54:42,438 [ERROR] LogOutputStream:75 - [STDERR_REDIRECT] [Fatal Error] :1:1: Premature end of file.
2024-12-02 16:54:42,439 [ERROR] LogOutputStream:75 - [STDERR_REDIRECT] 
2024-12-02 16:54:43,446 [ERROR] LogOutputStream:75 - [STDERR_REDIRECT] [Fatal Error] :1:1: Premature end of file.
2024-12-02 16:54:43,447 [ERROR] LogOutputStream:75 - [STDERR_REDIRECT] 
2024-12-02 16:54:44,456 [ERROR] LogOutputStream:75 - [STDERR_REDIRECT] [Fatal Error] :1:1: Premature end of file.
2024-12-02 16:54:44,456 [ERROR] LogOutputStream:75 - [STDERR_REDIRECT] 
2024-12-02 16:54:45,441 [ERROR] LogOutputStream:75 - [STDERR_REDIRECT] [Fatal Error] :1:1: Premature end of file.
2024-12-02 16:54:45,441 [ERROR] LogOutputStream:75 - [STDERR_REDIRECT] 
2024-12-02 16:54:46,600 [ERROR] LogOutputStream:75 - [STDERR_REDIRECT] [Fatal Error] :1:1: Premature end of file.
2024-12-02 16:54:46,601 [ERROR] LogOutputStream:75 - [STDERR_REDIRECT] 
2024-12-02 16:54:47,435 [ERROR] LogOutputStream:75 - [STDERR_REDIRECT] [Fatal Error] :1:1: Premature end of file.
2024-12-02 16:54:47,435 [ERROR] LogOutputStream:75 - [STDERR_REDIRECT] 
2024-12-02 16:54:48,443 [ERROR] LogOutputStream:75 - [STDERR_REDIRECT] [Fatal Error] :1:1: Premature end of file.
2024-12-02 16:54:48,445 [ERROR] LogOutputStream:75 - [STDERR_REDIRECT] 
2024-12-02 16:54:49,438 [ERROR] LogOutputStream:75 - [STDERR_REDIRECT] [Fatal Error] :1:1: Premature end of file.
2024-12-02 16:54:49,439 [ERROR] LogOutputStream:75 - [STDERR_REDIRECT] 
2024-12-02 16:54:50,435 [ERROR] LogOutputStream:75 - [STDERR_REDIRECT] [Fatal Error] :1:1: Premature end of file.
2024-12-02 16:54:50,435 [ERROR] LogOutputStream:75 - [STDERR_REDIRECT] 
2024-12-02 16:54:51,527 [ERROR] LogOutputStream:75 - [STDERR_REDIRECT] [Fatal Error] :1:1: Premature end of file.
2024-12-02 16:54:51,528 [ERROR] LogOutputStream:75 - [STDERR_REDIRECT] 
2024-12-02 16:54:52,450 [ERROR] LogOutputStream:75 - [STDERR_REDIRECT] [Fatal Error] :1:1: Premature end of file.
2024-12-02 16:54:52,450 [ERROR] LogOutputStream:75 - [STDERR_REDIRECT] 
2024-12-02 16:54:53,453 [ERROR] LogOutputStream:75 - [STDERR_REDIRECT] [Fatal Error] :1:1: Premature end of file.
2024-12-02 16:54:53,454 [ERROR] LogOutputStream:75 - [STDERR_REDIRECT] 
2024-12-02 16:54:54,447 [ERROR] LogOutputStream:75 - [STDERR_REDIRECT] [Fatal Error] :1:1: Premature end of file.
2024-12-02 16:54:54,447 [ERROR] LogOutputStream:75 - [STDERR_REDIRECT] 
2024-12-02 16:54:55,436 [ERROR] LogOutputStream:75 - [STDERR_REDIRECT] [Fatal Error] :1:1: Premature end of file.
2024-12-02 16:54:55,436 [ERROR] LogOutputStream:75 - [STDERR_REDIRECT] 
2024-12-02 16:54:56,439 [ERROR] LogOutputStream:75 - [STDERR_REDIRECT] [Fatal Error] :1:1: Premature end of file.
2024-12-02 16:54:56,439 [ERROR] LogOutputStream:75 - [STDERR_REDIRECT] 
2024-12-02 16:54:57,466 [ERROR] LogOutputStream:75 - [STDERR_REDIRECT] [Fatal Error] :1:1: Premature end of file.
2024-12-02 16:54:57,466 [ERROR] LogOutputStream:75 - [STDERR_REDIRECT] 
2024-12-02 16:54:58,485 [ERROR] LogOutputStream:75 - [STDERR_REDIRECT] [Fatal Error] :1:1: Premature end of file.
2024-12-02 16:54:58,486 [ERROR] LogOutputStream:75 - [STDERR_REDIRECT] 
2024-12-02 16:55:00,974 [ERROR] LogOutputStream:75 - [STDERR_REDIRECT] [Fatal Error] :1:1: Premature end of file.
2024-12-02 16:55:00,975 [ERROR] LogOutputStream:75 - [STDERR_REDIRECT] 
2024-12-02 16:55:01,155 [ERROR] LogOutputStream:75 - [STDERR_REDIRECT] [Fatal Error] :1:1: Premature end of file.
2024-12-02 16:55:01,156 [ERROR] LogOutputStream:75 - [STDERR_REDIRECT] 
2024-12-02 16:55:01,735 [ERROR] LogOutputStream:75 - [STDERR_REDIRECT] [Fatal Error] :1:1: Premature end of file.
2024-12-02 16:55:01,735 [ERROR] LogOutputStream:75 - [STDERR_REDIRECT] 
2024-12-02 16:55:02,637 [ERROR] LogOutputStream:75 - [STDERR_REDIRECT] [Fatal Error] :1:1: Premature end of file.
2024-12-02 16:55:02,638 [ERROR] LogOutputStream:75 - [STDERR_REDIRECT] 
2024-12-02 16:55:03,495 [ERROR] LogOutputStream:75 - [STDERR_REDIRECT] [Fatal Error] :1:1: Premature end of file.
2024-12-02 16:55:03,496 [ERROR] LogOutputStream:75 - [STDERR_REDIRECT] 
2024-12-02 16:55:04,597 [ERROR] LogOutputStream:75 - [STDERR_REDIRECT] [Fatal Error] :1:1: Premature end of file.
2024-12-02 16:55:04,598 [ERROR] LogOutputStream:75 - [STDERR_REDIRECT] 
2024-12-02 16:55:05,623 [ERROR] LogOutputStream:75 - [STDERR_REDIRECT] [Fatal Error] :1:1: Premature end of file.
2024-12-02 16:55:05,624 [ERROR] LogOutputStream:75 - [STDERR_REDIRECT] 
2024-12-02 16:55:06,490 [ERROR] LogOutputStream:75 - [STDERR_REDIRECT] [Fatal Error] :1:1: Premature end of file.
2024-12-02 16:55:06,491 [ERROR] LogOutputStream:75 - [STDERR_REDIRECT] 
2024-12-02 16:55:07,477 [ERROR] LogOutputStream:75 - [STDERR_REDIRECT] [Fatal Error] :1:1: Premature end of file.
2024-12-02 16:55:07,478 [ERROR] LogOutputStream:75 - [STDERR_REDIRECT] 
2024-12-02 16:55:08,471 [ERROR] LogOutputStream:75 - [STDERR_REDIRECT] [Fatal Error] :1:1: Premature end of file.
2024-12-02 16:55:08,473 [ERROR] LogOutputStream:75 - [STDERR_REDIRECT] 
2024-12-02 16:55:09,448 [ERROR] LogOutputStream:75 - [STDERR_REDIRECT] [Fatal Error] :1:1: Premature end of file.
2024-12-02 16:55:09,448 [ERROR] LogOutputStream:75 - [STDERR_REDIRECT] 
2024-12-02 16:55:10,476 [ERROR] LogOutputStream:75 - [STDERR_REDIRECT] [Fatal Error] :1:1: Premature end of file.
2024-12-02 16:55:10,477 [ERROR] LogOutputStream:75 - [STDERR_REDIRECT] 
2024-12-02 16:55:12,973 [ERROR] LogOutputStream:75 - [STDERR_REDIRECT] [Fatal Error] :1:1: Premature end of file.
2024-12-02 16:55:12,973 [ERROR] LogOutputStream:75 - [STDERR_REDIRECT] 
2024-12-02 16:55:13,081 [ERROR] LogOutputStream:75 - [STDERR_REDIRECT] [Fatal Error] :1:1: Premature end of file.
2024-12-02 16:55:13,082 [ERROR] LogOutputStream:75 - [STDERR_REDIRECT] 
2024-12-02 16:55:13,559 [ERROR] LogOutputStream:75 - [STDERR_REDIRECT] [Fatal Error] :1:1: Premature end of file.
2024-12-02 16:55:13,560 [ERROR] LogOutputStream:75 - [STDERR_REDIRECT] 
2024-12-02 16:55:15,237 [ERROR] LogOutputStream:75 - [STDERR_REDIRECT] [Fatal Error] :1:1: Premature end of file.
2024-12-02 16:55:15,238 [ERROR] LogOutputStream:75 - [STDERR_REDIRECT] 
2024-12-02 16:55:15,515 [ERROR] LogOutputStream:75 - [STDERR_REDIRECT] [Fatal Error] :1:1: Premature end of file.
2024-12-02 16:55:15,515 [ERROR] LogOutputStream:75 - [STDERR_REDIRECT] 
2024-12-02 16:55:16,446 [ERROR] LogOutputStream:75 - [STDERR_REDIRECT] [Fatal Error] :1:1: Premature end of file.
2024-12-02 16:55:16,446 [ERROR] LogOutputStream:75 - [STDERR_REDIRECT] 
2024-12-02 16:55:17,537 [ERROR] LogOutputStream:75 - [STDERR_REDIRECT] [Fatal Error] :1:1: Premature end of file.
2024-12-02 16:55:17,537 [ERROR] LogOutputStream:75 - [STDERR_REDIRECT] 
2024-12-02 16:55:18,533 [ERROR] LogOutputStream:75 - [STDERR_REDIRECT] [Fatal Error] :1:1: Premature end of file.
2024-12-02 16:55:18,534 [ERROR] LogOutputStream:75 - [STDERR_REDIRECT] 
2024-12-02 16:55:19,622 [ERROR] LogOutputStream:75 - [STDERR_REDIRECT] [Fatal Error] :1:1: Premature end of file.
2024-12-02 16:55:19,623 [ERROR] LogOutputStream:75 - [STDERR_REDIRECT] 
2024-12-02 16:55:20,453 [ERROR] LogOutputStream:75 - [STDERR_REDIRECT] [Fatal Error] :1:1: Premature end of file.
2024-12-02 16:55:20,454 [ERROR] LogOutputStream:75 - [STDERR_REDIRECT] 
2024-12-02 16:55:21,657 [ERROR] LogOutputStream:75 - [STDERR_REDIRECT] [Fatal Error] :1:1: Premature end of file.
2024-12-02 16:55:21,658 [ERROR] LogOutputStream:75 - [STDERR_REDIRECT] 
2024-12-02 16:55:23,011 [ERROR] LogOutputStream:75 - [STDERR_REDIRECT] [Fatal Error] :1:1: Premature end of file.
2024-12-02 16:55:23,012 [ERROR] LogOutputStream:75 - [STDERR_REDIRECT] 
2024-12-02 16:55:23,532 [ERROR] LogOutputStream:75 - [STDERR_REDIRECT] [Fatal Error] :1:1: Premature end of file.
2024-12-02 16:55:23,536 [ERROR] LogOutputStream:75 - [STDERR_REDIRECT] 
2024-12-02 16:55:24,540 [ERROR] LogOutputStream:75 - [STDERR_REDIRECT] [Fatal Error] :1:1: Premature end of file.
2024-12-02 16:55:24,541 [ERROR] LogOutputStream:75 - [STDERR_REDIRECT] 
2024-12-02 16:55:25,520 [ERROR] LogOutputStream:75 - [STDERR_REDIRECT] [Fatal Error] :1:1: Premature end of file.
2024-12-02 16:55:25,520 [ERROR] LogOutputStream:75 - [STDERR_REDIRECT] 
2024-12-02 16:55:26,759 [ERROR] LogOutputStream:75 - [STDERR_REDIRECT] [Fatal Error] :1:1: Premature end of file.
2024-12-02 16:55:26,760 [ERROR] LogOutputStream:75 - [STDERR_REDIRECT] 
2024-12-02 16:55:27,540 [ERROR] LogOutputStream:75 - [STDERR_REDIRECT] [Fatal Error] :1:1: Premature end of file.
2024-12-02 16:55:27,541 [ERROR] LogOutputStream:75 - [STDERR_REDIRECT] 
2024-12-02 16:55:28,598 [ERROR] LogOutputStream:75 - [STDERR_REDIRECT] [Fatal Error] :1:1: Premature end of file.
2024-12-02 16:55:28,598 [ERROR] LogOutputStream:75 - [STDERR_REDIRECT] 
2024-12-02 16:55:31,592 [ERROR] LogOutputStream:75 - [STDERR_REDIRECT] [Fatal Error] :1:1: Premature end of file.
2024-12-02 16:55:31,593 [ERROR] LogOutputStream:75 - [STDERR_REDIRECT] 
2024-12-02 16:55:32,442 [ERROR] LogOutputStream:75 - [STDERR_REDIRECT] [Fatal Error] :1:1: Premature end of file.
2024-12-02 16:55:32,443 [ERROR] LogOutputStream:75 - [STDERR_REDIRECT] 
2024-12-02 16:55:32,847 [ERROR] LogOutputStream:75 - [STDERR_REDIRECT] [Fatal Error] :1:1: Premature end of file.
2024-12-02 16:55:32,847 [ERROR] LogOutputStream:75 - [STDERR_REDIRECT] 
2024-12-02 16:55:32,959 [ERROR] LogOutputStream:75 - [STDERR_REDIRECT] [Fatal Error] :1:1: Premature end of file.
2024-12-02 16:55:32,962 [ERROR] LogOutputStream:75 - [STDERR_REDIRECT] 
2024-12-02 16:55:34,134 [ERROR] LogOutputStream:75 - [STDERR_REDIRECT] [Fatal Error] :1:1: Premature end of file.
2024-12-02 16:55:34,135 [ERROR] LogOutputStream:75 - [STDERR_REDIRECT] 
2024-12-02 16:55:34,444 [ERROR] LogOutputStream:75 - [STDERR_REDIRECT] [Fatal Error] :1:1: Premature end of file.
2024-12-02 16:55:34,445 [ERROR] LogOutputStream:75 - [STDERR_REDIRECT] 
2024-12-02 16:55:35,630 [ERROR] LogOutputStream:75 - [STDERR_REDIRECT] [Fatal Error] :1:1: Premature end of file.
2024-12-02 16:55:35,631 [ERROR] LogOutputStream:75 - [STDERR_REDIRECT] 
2024-12-02 16:55:37,019 [ERROR] LogOutputStream:75 - [STDERR_REDIRECT] [Fatal Error] :1:1: Premature end of file.
2024-12-02 16:55:37,020 [ERROR] LogOutputStream:75 - [STDERR_REDIRECT] 
2024-12-02 16:55:37,726 [ERROR] LogOutputStream:75 - [STDERR_REDIRECT] [Fatal Error] :1:1: Premature end of file.
2024-12-02 16:55:37,726 [ERROR] LogOutputStream:75 - [STDERR_REDIRECT] 
2024-12-02 16:55:39,718 [ERROR] LogOutputStream:75 - [STDERR_REDIRECT] [Fatal Error] :1:1: Premature end of file.
2024-12-02 16:55:39,718 [ERROR] LogOutputStream:75 - [STDERR_REDIRECT] 
2024-12-02 16:55:41,775 [ERROR] LogOutputStream:75 - [STDERR_REDIRECT] [Fatal Error] :1:1: Premature end of file.
2024-12-02 16:55:41,816 [ERROR] LogOutputStream:75 - [STDERR_REDIRECT] 
2024-12-02 16:55:44,564 [ERROR] LogOutputStream:75 - [STDERR_REDIRECT] [Fatal Error] :1:1: Premature end of file.
2024-12-02 16:55:44,565 [ERROR] LogOutputStream:75 - [STDERR_REDIRECT] 
2024-12-02 16:55:45,213 [ERROR] LogOutputStream:75 - [STDERR_REDIRECT] [Fatal Error] :1:1: Premature end of file.
2024-12-02 16:55:45,214 [ERROR] LogOutputStream:75 - [STDERR_REDIRECT] 
2024-12-02 16:55:47,434 [ERROR] LogOutputStream:75 - [STDERR_REDIRECT] [Fatal Error] :1:1: Premature end of file.
2024-12-02 16:55:47,436 [ERROR] LogOutputStream:75 - [STDERR_REDIRECT] 
2024-12-02 16:55:51,959 [ERROR] LogOutputStream:75 - [STDERR_REDIRECT] [Fatal Error] :1:1: Premature end of file.
2024-12-02 16:55:51,960 [ERROR] LogOutputStream:75 - [STDERR_REDIRECT] 
2024-12-02 16:55:52,222 [ERROR] LogOutputStream:75 - [STDERR_REDIRECT] [Fatal Error] :1:1: Premature end of file.
2024-12-02 16:55:52,223 [ERROR] LogOutputStream:75 - [STDERR_REDIRECT] 
2024-12-02 16:55:52,383 [ERROR] LogOutputStream:75 - [STDERR_REDIRECT] [Fatal Error] :1:1: Premature end of file.
2024-12-02 16:55:52,384 [ERROR] LogOutputStream:75 - [STDERR_REDIRECT] 
2024-12-02 16:55:53,358 [ERROR] LogOutputStream:75 - [STDERR_REDIRECT] [Fatal Error] :1:1: Premature end of file.
2024-12-02 16:55:53,359 [ERROR] LogOutputStream:75 - [STDERR_REDIRECT] 
2024-12-02 16:55:53,495 [ERROR] LogOutputStream:75 - [STDERR_REDIRECT] [Fatal Error] :1:1: Premature end of file.
2024-12-02 16:55:53,496 [ERROR] LogOutputStream:75 - [STDERR_REDIRECT] 
2024-12-02 16:55:53,572 [ERROR] LogOutputStream:75 - [STDERR_REDIRECT] [Fatal Error] :1:1: Premature end of file.
2024-12-02 16:55:53,573 [ERROR] LogOutputStream:75 - [STDERR_REDIRECT] 
2024-12-02 16:55:53,757 [ERROR] LogOutputStream:75 - [STDERR_REDIRECT] [Fatal Error] :1:1: Premature end of file.
2024-12-02 16:55:53,758 [ERROR] LogOutputStream:75 - [STDERR_REDIRECT] 
2024-12-02 16:55:53,834 [ERROR] LogOutputStream:75 - [STDERR_REDIRECT] [Fatal Error] :1:1: Premature end of file.
2024-12-02 16:55:53,834 [ERROR] LogOutputStream:75 - [STDERR_REDIRECT] 
2024-12-02 16:55:53,902 [ERROR] LogOutputStream:75 - [STDERR_REDIRECT] [Fatal Error] :1:1: Premature end of file.
2024-12-02 16:55:53,902 [ERROR] LogOutputStream:75 - [STDERR_REDIRECT] 
2024-12-02 16:55:53,966 [ERROR] LogOutputStream:75 - [STDERR_REDIRECT] [Fatal Error] :1:1: Premature end of file.
2024-12-02 16:55:53,966 [ERROR] LogOutputStream:75 - [STDERR_REDIRECT] 
2024-12-02 16:55:54,032 [ERROR] LogOutputStream:75 - [STDERR_REDIRECT] [Fatal Error] :1:1: Premature end of file.
2024-12-02 16:55:54,032 [ERROR] LogOutputStream:75 - [STDERR_REDIRECT] 
2024-12-02 16:55:54,438 [ERROR] LogOutputStream:75 - [STDERR_REDIRECT] [Fatal Error] :1:1: Premature end of file.
2024-12-02 16:55:54,439 [ERROR] LogOutputStream:75 - [STDERR_REDIRECT] 
2024-12-02 16:55:55,439 [ERROR] LogOutputStream:75 - [STDERR_REDIRECT] [Fatal Error] :1:1: Premature end of file.
2024-12-02 16:55:55,440 [ERROR] LogOutputStream:75 - [STDERR_REDIRECT] 
2024-12-02 16:55:56,476 [ERROR] LogOutputStream:75 - [STDERR_REDIRECT] [Fatal Error] :1:1: Premature end of file.
2024-12-02 16:55:56,477 [ERROR] LogOutputStream:75 - [STDERR_REDIRECT] 
2024-12-02 16:55:57,443 [ERROR] LogOutputStream:75 - [STDERR_REDIRECT] [Fatal Error] :1:1: Premature end of file.
2024-12-02 16:55:57,444 [ERROR] LogOutputStream:75 - [STDERR_REDIRECT] 
2024-12-02 16:55:58,437 [ERROR] LogOutputStream:75 - [STDERR_REDIRECT] [Fatal Error] :1:1: Premature end of file.
2024-12-02 16:55:58,438 [ERROR] LogOutputStream:75 - [STDERR_REDIRECT] 
2024-12-02 16:55:59,466 [ERROR] LogOutputStream:75 - [STDERR_REDIRECT] [Fatal Error] :1:1: Premature end of file.
2024-12-02 16:55:59,466 [ERROR] LogOutputStream:75 - [STDERR_REDIRECT] 
2024-12-02 16:56:00,494 [ERROR] LogOutputStream:75 - [STDERR_REDIRECT] [Fatal Error] :1:1: Premature end of file.
2024-12-02 16:56:00,494 [ERROR] LogOutputStream:75 - [STDERR_REDIRECT] 
2024-12-02 16:56:01,442 [ERROR] LogOutputStream:75 - [STDERR_REDIRECT] [Fatal Error] :1:1: Premature end of file.
2024-12-02 16:56:01,443 [ERROR] LogOutputStream:75 - [STDERR_REDIRECT] 
2024-12-02 16:56:02,483 [ERROR] LogOutputStream:75 - [STDERR_REDIRECT] [Fatal Error] :1:1: Premature end of file.
2024-12-02 16:56:02,484 [ERROR] LogOutputStream:75 - [STDERR_REDIRECT] 
2024-12-02 16:56:03,434 [ERROR] LogOutputStream:75 - [STDERR_REDIRECT] [Fatal Error] :1:1: Premature end of file.
2024-12-02 16:56:03,435 [ERROR] LogOutputStream:75 - [STDERR_REDIRECT] 
2024-12-02 16:56:04,536 [ERROR] LogOutputStream:75 - [STDERR_REDIRECT] [Fatal Error] :1:1: Premature end of file.
2024-12-02 16:56:04,537 [ERROR] LogOutputStream:75 - [STDERR_REDIRECT] 
2024-12-02 16:56:05,445 [ERROR] LogOutputStream:75 - [STDERR_REDIRECT] [Fatal Error] :1:1: Premature end of file.
2024-12-02 16:56:05,446 [ERROR] LogOutputStream:75 - [STDERR_REDIRECT] 
2024-12-02 16:56:06,457 [ERROR] LogOutputStream:75 - [STDERR_REDIRECT] [Fatal Error] :1:1: Premature end of file.
2024-12-02 16:56:06,457 [ERROR] LogOutputStream:75 - [STDERR_REDIRECT] 
2024-12-02 16:56:07,987 [ERROR] LogOutputStream:75 - [STDERR_REDIRECT] [Fatal Error] :1:1: Premature end of file.
2024-12-02 16:56:07,987 [ERROR] LogOutputStream:75 - [STDERR_REDIRECT] 
2024-12-02 16:56:08,455 [ERROR] LogOutputStream:75 - [STDERR_REDIRECT] [Fatal Error] :1:1: Premature end of file.
2024-12-02 16:56:08,456 [ERROR] LogOutputStream:75 - [STDERR_REDIRECT] 
2024-12-02 16:56:09,438 [ERROR] LogOutputStream:75 - [STDERR_REDIRECT] [Fatal Error] :1:1: Premature end of file.
2024-12-02 16:56:09,438 [ERROR] LogOutputStream:75 - [STDERR_REDIRECT] 
2024-12-02 16:56:10,486 [ERROR] LogOutputStream:75 - [STDERR_REDIRECT] [Fatal Error] :1:1: Premature end of file.
2024-12-02 16:56:10,486 [ERROR] LogOutputStream:75 - [STDERR_REDIRECT] 
2024-12-02 16:56:11,458 [ERROR] LogOutputStream:75 - [STDERR_REDIRECT] [Fatal Error] :1:1: Premature end of file.
2024-12-02 16:56:11,459 [ERROR] LogOutputStream:75 - [STDERR_REDIRECT] 
2024-12-02 16:56:12,457 [ERROR] LogOutputStream:75 - [STDERR_REDIRECT] [Fatal Error] :1:1: Premature end of file.
2024-12-02 16:56:12,458 [ERROR] LogOutputStream:75 - [STDERR_REDIRECT] 
2024-12-02 16:56:13,453 [ERROR] LogOutputStream:75 - [STDERR_REDIRECT] [Fatal Error] :1:1: Premature end of file.
2024-12-02 16:56:13,454 [ERROR] LogOutputStream:75 - [STDERR_REDIRECT] 
2024-12-02 16:56:14,441 [ERROR] LogOutputStream:75 - [STDERR_REDIRECT] [Fatal Error] :1:1: Premature end of file.
2024-12-02 16:56:14,441 [ERROR] LogOutputStream:75 - [STDERR_REDIRECT] 
2024-12-02 16:56:15,452 [ERROR] LogOutputStream:75 - [STDERR_REDIRECT] [Fatal Error] :1:1: Premature end of file.
2024-12-02 16:56:15,453 [ERROR] LogOutputStream:75 - [STDERR_REDIRECT] 
2024-12-02 16:56:16,505 [ERROR] LogOutputStream:75 - [STDERR_REDIRECT] [Fatal Error] :1:1: Premature end of file.
2024-12-02 16:56:16,506 [ERROR] LogOutputStream:75 - [STDERR_REDIRECT] 
2024-12-02 16:56:17,479 [ERROR] LogOutputStream:75 - [STDERR_REDIRECT] [Fatal Error] :1:1: Premature end of file.
2024-12-02 16:56:17,480 [ERROR] LogOutputStream:75 - [STDERR_REDIRECT] 
2024-12-02 16:56:18,640 [ERROR] LogOutputStream:75 - [STDERR_REDIRECT] [Fatal Error] :1:1: Premature end of file.
2024-12-02 16:56:18,641 [ERROR] LogOutputStream:75 - [STDERR_REDIRECT] 
2024-12-02 16:56:19,462 [ERROR] LogOutputStream:75 - [STDERR_REDIRECT] [Fatal Error] :1:1: Premature end of file.
2024-12-02 16:56:19,463 [ERROR] LogOutputStream:75 - [STDERR_REDIRECT] 
2024-12-02 16:56:20,616 [ERROR] LogOutputStream:75 - [STDERR_REDIRECT] [Fatal Error] :1:1: Premature end of file.
2024-12-02 16:56:20,617 [ERROR] LogOutputStream:75 - [STDERR_REDIRECT] 
2024-12-02 16:56:21,846 [ERROR] LogOutputStream:75 - [STDERR_REDIRECT] [Fatal Error] :1:1: Premature end of file.
2024-12-02 16:56:21,847 [ERROR] LogOutputStream:75 - [STDERR_REDIRECT] 
2024-12-02 16:56:22,571 [ERROR] LogOutputStream:75 - [STDERR_REDIRECT] [Fatal Error] :1:1: Premature end of file.
2024-12-02 16:56:22,571 [ERROR] LogOutputStream:75 - [STDERR_REDIRECT] 
2024-12-02 16:56:23,443 [ERROR] LogOutputStream:75 - [STDERR_REDIRECT] [Fatal Error] :1:1: Premature end of file.
2024-12-02 16:56:23,444 [ERROR] LogOutputStream:75 - [STDERR_REDIRECT] 
2024-12-02 16:56:24,437 [ERROR] LogOutputStream:75 - [STDERR_REDIRECT] [Fatal Error] :1:1: Premature end of file.
2024-12-02 16:56:24,438 [ERROR] LogOutputStream:75 - [STDERR_REDIRECT] 
2024-12-02 16:56:25,434 [ERROR] LogOutputStream:75 - [STDERR_REDIRECT] [Fatal Error] :1:1: Premature end of file.
2024-12-02 16:56:25,434 [ERROR] LogOutputStream:75 - [STDERR_REDIRECT] 
2024-12-02 16:56:26,439 [ERROR] LogOutputStream:75 - [STDERR_REDIRECT] [Fatal Error] :1:1: Premature end of file.
2024-12-02 16:56:26,439 [ERROR] LogOutputStream:75 - [STDERR_REDIRECT] 
2024-12-02 16:56:27,447 [ERROR] LogOutputStream:75 - [STDERR_REDIRECT] [Fatal Error] :1:1: Premature end of file.
2024-12-02 16:56:27,447 [ERROR] LogOutputStream:75 - [STDERR_REDIRECT] 
2024-12-02 16:56:28,541 [ERROR] LogOutputStream:75 - [STDERR_REDIRECT] [Fatal Error] :1:1: Premature end of file.
2024-12-02 16:56:28,541 [ERROR] LogOutputStream:75 - [STDERR_REDIRECT] 
2024-12-02 16:56:29,486 [ERROR] LogOutputStream:75 - [STDERR_REDIRECT] [Fatal Error] :1:1: Premature end of file.
2024-12-02 16:56:29,487 [ERROR] LogOutputStream:75 - [STDERR_REDIRECT] 
2024-12-02 16:56:30,521 [ERROR] LogOutputStream:75 - [STDERR_REDIRECT] [Fatal Error] :1:1: Premature end of file.
2024-12-02 16:56:30,522 [ERROR] LogOutputStream:75 - [STDERR_REDIRECT] 
2024-12-02 16:56:31,449 [ERROR] LogOutputStream:75 - [STDERR_REDIRECT] [Fatal Error] :1:1: Premature end of file.
2024-12-02 16:56:31,450 [ERROR] LogOutputStream:75 - [STDERR_REDIRECT] 
2024-12-02 16:56:32,741 [ERROR] LogOutputStream:75 - [STDERR_REDIRECT] [Fatal Error] :1:1: Premature end of file.
2024-12-02 16:56:32,742 [ERROR] LogOutputStream:75 - [STDERR_REDIRECT] 
2024-12-02 16:56:33,696 [ERROR] LogOutputStream:75 - [STDERR_REDIRECT] [Fatal Error] :1:1: Premature end of file.
2024-12-02 16:56:33,697 [ERROR] LogOutputStream:75 - [STDERR_REDIRECT] 
2024-12-02 16:56:34,515 [ERROR] LogOutputStream:75 - [STDERR_REDIRECT] [Fatal Error] :1:1: Premature end of file.
2024-12-02 16:56:34,516 [ERROR] LogOutputStream:75 - [STDERR_REDIRECT] 
2024-12-02 16:56:35,766 [ERROR] LogOutputStream:75 - [STDERR_REDIRECT] [Fatal Error] :1:1: Premature end of file.
2024-12-02 16:56:35,767 [ERROR] LogOutputStream:75 - [STDERR_REDIRECT] 
2024-12-02 16:56:36,866 [ERROR] LogOutputStream:75 - [STDERR_REDIRECT] [Fatal Error] :1:1: Premature end of file.
2024-12-02 16:56:36,867 [ERROR] LogOutputStream:75 - [STDERR_REDIRECT] 
2024-12-02 16:56:37,517 [ERROR] LogOutputStream:75 - [STDERR_REDIRECT] [Fatal Error] :1:1: Premature end of file.
2024-12-02 16:56:37,517 [ERROR] LogOutputStream:75 - [STDERR_REDIRECT] 
2024-12-02 16:56:38,556 [ERROR] LogOutputStream:75 - [STDERR_REDIRECT] [Fatal Error] :1:1: Premature end of file.
2024-12-02 16:56:38,557 [ERROR] LogOutputStream:75 - [STDERR_REDIRECT] 
2024-12-02 16:56:39,968 [ERROR] LogOutputStream:75 - [STDERR_REDIRECT] [Fatal Error] :1:1: Premature end of file.
2024-12-02 16:56:39,968 [ERROR] LogOutputStream:75 - [STDERR_REDIRECT] 
2024-12-02 16:56:40,573 [ERROR] LogOutputStream:75 - [STDERR_REDIRECT] [Fatal Error] :1:1: Premature end of file.
2024-12-02 16:56:40,574 [ERROR] LogOutputStream:75 - [STDERR_REDIRECT] 
2024-12-02 16:56:41,672 [ERROR] LogOutputStream:75 - [STDERR_REDIRECT] [Fatal Error] :1:1: Premature end of file.
2024-12-02 16:56:41,673 [ERROR] LogOutputStream:75 - [STDERR_REDIRECT] 
2024-12-02 16:56:42,468 [ERROR] LogOutputStream:75 - [STDERR_REDIRECT] [Fatal Error] :1:1: Premature end of file.
2024-12-02 16:56:42,469 [ERROR] LogOutputStream:75 - [STDERR_REDIRECT] 
2024-12-02 16:56:43,443 [ERROR] LogOutputStream:75 - [STDERR_REDIRECT] [Fatal Error] :1:1: Premature end of file.
2024-12-02 16:56:43,444 [ERROR] LogOutputStream:75 - [STDERR_REDIRECT] 
2024-12-02 16:56:44,487 [ERROR] LogOutputStream:75 - [STDERR_REDIRECT] [Fatal Error] :1:1: Premature end of file.
2024-12-02 16:56:44,487 [ERROR] LogOutputStream:75 - [STDERR_REDIRECT] 
2024-12-02 16:56:45,541 [ERROR] LogOutputStream:75 - [STDERR_REDIRECT] [Fatal Error] :1:1: Premature end of file.
2024-12-02 16:56:45,542 [ERROR] LogOutputStream:75 - [STDERR_REDIRECT] 
2024-12-02 16:56:46,755 [ERROR] LogOutputStream:75 - [STDERR_REDIRECT] [Fatal Error] :1:1: Premature end of file.
2024-12-02 16:56:46,755 [ERROR] LogOutputStream:75 - [STDERR_REDIRECT] 
2024-12-02 16:56:47,577 [ERROR] LogOutputStream:75 - [STDERR_REDIRECT] [Fatal Error] :1:1: Premature end of file.
2024-12-02 16:56:47,577 [ERROR] LogOutputStream:75 - [STDERR_REDIRECT] 
2024-12-02 16:56:48,462 [ERROR] LogOutputStream:75 - [STDERR_REDIRECT] [Fatal Error] :1:1: Premature end of file.
2024-12-02 16:56:48,463 [ERROR] LogOutputStream:75 - [STDERR_REDIRECT] 
2024-12-02 16:56:49,492 [ERROR] LogOutputStream:75 - [STDERR_REDIRECT] [Fatal Error] :1:1: Premature end of file.
2024-12-02 16:56:49,493 [ERROR] LogOutputStream:75 - [STDERR_REDIRECT] 
2024-12-02 16:56:50,478 [ERROR] LogOutputStream:75 - [STDERR_REDIRECT] [Fatal Error] :1:1: Premature end of file.
2024-12-02 16:56:50,478 [ERROR] LogOutputStream:75 - [STDERR_REDIRECT] 
2024-12-02 16:56:52,870 [ERROR] LogOutputStream:75 - [STDERR_REDIRECT] [Fatal Error] :1:1: Premature end of file.
2024-12-02 16:56:52,870 [ERROR] LogOutputStream:75 - [STDERR_REDIRECT] 
